2026-02-18T08:02:38.424Z [INFO]: 🚀 服务器运行在端口 80
2026-02-18T08:04:08.108Z [INFO]: 🚀 服务器运行在端口 80
2026-02-18T08:04:48.436Z [INFO]: 🚀 服务器运行在端口 8080
2026-02-18T08:05:05.208Z [INFO]: 🚀 服务器运行在端口 80
2026-02-18T08:08:47.140Z [INFO]: 🚀 服务器运行在端口 80
2026-02-18T08:09:18.937Z [INFO]: 🚀 服务器运行在端口 80
2026-02-18T08:09:29.121Z [INFO]: 🚀 服务器运行在端口 80
2026-02-18T08:09:40.901Z [INFO]: 🚀 服务器运行在端口 80
2026-02-18T08:10:04.164Z [INFO]: 🚀 服务器运行在端口 3000
2026-02-18T08:11:01.541Z [INFO]: 🚀 服务器运行在端口 80
2026-02-18T10:40:57.086Z [INFO]: 🚀 服务器运行在端口 80
2026-02-18T10:47:59.633Z [INFO]: 🚀 服务器运行在端口 80
2026-02-18T10:50:48.821Z [INFO]: 🚀 服务器运行在端口 80
2026-02-18T12:00:00.665Z [INFO]: 🕐 开始定时数据采集任务
2026-02-18T12:00:04.391Z [INFO]: 采集完成: 成功 2, 失败 0
2026-02-18T12:00:04.391Z [INFO]: ✅ 定时数据采集完成
2026-02-18T12:12:46.289Z [INFO]: 🚀 服务器运行在端口 3000
2026-02-18T14:00:00.245Z [INFO]: 🕐 开始定时数据采集任务
2026-02-18T14:00:03.981Z [INFO]: 采集完成: 成功 2, 失败 0
2026-02-18T14:00:03.981Z [INFO]: ✅ 定时数据采集完成
2026-02-18T14:11:51.326Z [INFO]: 🚀 服务器运行在端口 3000
2026-02-18T16:00:00.389Z [INFO]: 🕐 开始定时数据采集任务
2026-02-18T16:00:00.390Z [INFO]: 🕐 开始检查余额预警
2026-02-18T16:00:00.390Z [INFO]: 🔔 开始检查余额预警...
2026-02-18T16:00:00.401Z [INFO]: ✅ 余额预警检查完成
2026-02-18T16:00:00.401Z [INFO]: ✅ 余额预警检查完成
2026-02-18T16:00:03.934Z [INFO]: 采集完成: 成功 2, 失败 0
2026-02-18T16:00:03.935Z [INFO]: ✅ 定时数据采集完成
2026-02-18T16:05:00.554Z [INFO]: 🕐 开始计算昨日用电统计
2026-02-18T16:05:00.555Z [INFO]: 每日用电统计计算完成: 2026-02-17
2026-02-18T16:05:00.555Z [INFO]: ✅ 昨日用电统计计算完成
2026-02-18T16:45:41.665Z [INFO]: 🚀 服务器运行在端口 3000
2026-02-18T17:12:54.891Z [INFO]: 🚀 服务器运行在端口 3000
2026-02-18T17:14:20.280Z [INFO]: 🚀 服务器运行在端口 3000
2026-02-19T02:09:05.139Z [INFO]: 🚀 服务器运行在端口 3000
2026-02-19T02:17:33.267Z [INFO]: 🚀 服务器运行在端口 3000
2026-02-19T02:26:57.247Z [INFO]: 🚀 服务器运行在端口 3000
2026-02-19T03:29:06.651Z [INFO]: 🚀 服务器运行在端口 3000
2026-02-19T04:00:00.372Z [INFO]: 🕐 开始定时数据采集任务
2026-02-19T04:00:00.373Z [INFO]: 🕐 开始检查余额预警
2026-02-19T04:00:00.373Z [INFO]: 🔔 开始检查余额预警...
2026-02-19T04:00:00.385Z [INFO]: ✅ 余额预警检查完成
2026-02-19T04:00:00.385Z [INFO]: ✅ 余额预警检查完成
2026-02-19T04:00:04.156Z [INFO]: 采集完成: 成功 2, 失败 0
2026-02-19T04:00:04.157Z [INFO]: ✅ 定时数据采集完成
2026-02-19T06:00:00.055Z [INFO]: 🕐 开始定时数据采集任务
2026-02-19T06:00:03.542Z [INFO]: 采集完成: 成功 2, 失败 0
2026-02-19T06:00:03.542Z [INFO]: ✅ 定时数据采集完成
2026-02-19T07:05:25.141Z [INFO]: 🚀 服务器运行在端口 3000
2026-02-19T07:54:27.131Z [INFO]: 🚀 服务器运行在端口 3000
2026-02-19T08:00:00.266Z [INFO]: 🕐 开始定时数据采集任务
2026-02-19T08:00:00.277Z [INFO]: 🕐 开始检查余额预警
2026-02-19T08:00:00.278Z [INFO]: 🔔 开始检查余额预警...
2026-02-19T08:00:00.279Z [INFO]: ✅ 余额预警检查完成
2026-02-19T08:00:00.279Z [INFO]: ✅ 余额预警检查完成
2026-02-19T08:00:04.175Z [INFO]: 采集完成: 成功 2, 失败 0
2026-02-19T08:00:04.175Z [INFO]: ✅ 定时数据采集完成
2026-02-19T08:30:04.606Z [INFO]: 🚀 服务器运行在端口 3000
2026-02-19T08:53:14.467Z [INFO]: 🚀 服务器运行在端口 3000
2026-02-19T09:04:26.638Z [INFO]: 🚀 服务器运行在端口 3000
2026-02-19T09:45:13.456Z [INFO]: 🚀 服务器运行在端口 3000
2026-02-19T10:00:00.635Z [INFO]: 🕐 开始定时数据采集任务
2026-02-19T10:00:04.289Z [INFO]: 采集完成: 成功 2, 失败 0
2026-02-19T10:00:04.290Z [INFO]: ✅ 定时数据采集完成
2026-02-19T10:16:01.250Z [INFO]: 🚀 服务器运行在端口 3000
2026-02-19T11:24:35.335Z [ERROR]: Unhandled error: ENOENT: no such file or directory, stat '/root/.openclaw/workspace/electricity-system/frontend/dist/index.html'
2026-02-19T12:00:00.030Z [INFO]: 🕐 开始定时数据采集任务
2026-02-19T12:00:00.031Z [INFO]: 🕐 开始检查余额预警
2026-02-19T12:00:00.031Z [INFO]: 🔔 开始检查余额预警...
2026-02-19T12:00:00.035Z [INFO]: ✅ 余额预警检查完成
2026-02-19T12:00:00.035Z [INFO]: ✅ 余额预警检查完成
2026-02-19T12:00:03.721Z [INFO]: 采集完成: 成功 2, 失败 0
2026-02-19T12:00:03.721Z [INFO]: ✅ 定时数据采集完成
2026-02-19T14:00:00.782Z [INFO]: 🕐 开始定时数据采集任务
2026-02-19T14:00:04.404Z [INFO]: 采集完成: 成功 2, 失败 0
2026-02-19T14:00:04.405Z [INFO]: ✅ 定时数据采集完成
2026-02-19T14:55:51.438Z [INFO]: 🚀 服务器运行在端口 3000
2026-02-19T15:01:57.154Z [INFO]: 🚀 服务器运行在端口 3000
2026-02-19T16:00:00.565Z [INFO]: 🕐 开始定时数据采集任务
2026-02-19T16:00:00.566Z [INFO]: 🕐 开始检查余额预警
2026-02-19T16:00:00.567Z [INFO]: 🔔 开始检查余额预警...
2026-02-19T16:00:00.578Z [INFO]: ✅ 余额预警检查完成
2026-02-19T16:00:00.578Z [INFO]: ✅ 余额预警检查完成
2026-02-19T16:00:04.356Z [INFO]: 采集完成: 成功 2, 失败 0
2026-02-19T16:00:04.357Z [INFO]: ✅ 定时数据采集完成
2026-02-19T16:05:00.685Z [INFO]: 🕐 开始计算昨日用电统计
2026-02-19T16:05:00.696Z [INFO]: 每日用电统计计算完成: 2026-02-18
2026-02-19T16:05:00.696Z [INFO]: ✅ 昨日用电统计计算完成
2026-02-19T18:00:00.207Z [INFO]: 🕐 开始定时数据采集任务
2026-02-19T18:00:03.754Z [INFO]: 采集完成: 成功 2, 失败 0
2026-02-19T18:00:03.754Z [INFO]: ✅ 定时数据采集完成
2026-02-19T20:00:00.947Z [INFO]: 🕐 开始定时数据采集任务
2026-02-19T20:00:00.947Z [INFO]: 🕐 开始检查余额预警
2026-02-19T20:00:00.947Z [INFO]: 🔔 开始检查余额预警...
2026-02-19T20:00:00.949Z [INFO]: ✅ 余额预警检查完成
2026-02-19T20:00:00.950Z [INFO]: ✅ 余额预警检查完成
2026-02-19T20:00:04.536Z [INFO]: 采集完成: 成功 2, 失败 0
2026-02-19T20:00:04.536Z [INFO]: ✅ 定时数据采集完成
2026-02-19T22:00:00.459Z [INFO]: 🕐 开始定时数据采集任务
2026-02-19T22:00:03.993Z [INFO]: 采集完成: 成功 2, 失败 0
2026-02-19T22:00:03.993Z [INFO]: ✅ 定时数据采集完成
2026-02-20T00:00:00.104Z [INFO]: 🕐 开始定时数据采集任务
2026-02-20T00:00:00.105Z [INFO]: 🕐 开始检查余额预警
2026-02-20T00:00:00.105Z [INFO]: 🔔 开始检查余额预警...
2026-02-20T00:00:00.105Z [INFO]: 🕐 开始生成周期事务
2026-02-20T00:00:00.106Z [INFO]: 🔄 开始生成周期事务: 2026-02-20
2026-02-20T00:00:00.108Z [INFO]: 🔄 周期事务生成完成: 0 个
2026-02-20T00:00:00.108Z [INFO]: ✅ 周期事务生成完成: 0 个
2026-02-20T00:00:00.108Z [INFO]: ✅ 余额预警检查完成
2026-02-20T00:00:00.108Z [INFO]: ✅ 余额预警检查完成
2026-02-20T00:00:03.875Z [INFO]: 采集完成: 成功 2, 失败 0
2026-02-20T00:00:03.875Z [INFO]: ✅ 定时数据采集完成
2026-02-20T02:00:00.750Z [INFO]: 🕐 开始定时数据采集任务
2026-02-20T02:00:04.269Z [INFO]: 采集完成: 成功 2, 失败 0
2026-02-20T02:00:04.269Z [INFO]: ✅ 定时数据采集完成
2026-02-20T04:00:00.459Z [INFO]: 🕐 开始定时数据采集任务
2026-02-20T04:00:00.459Z [INFO]: 🕐 开始检查余额预警
2026-02-20T04:00:00.459Z [INFO]: 🔔 开始检查余额预警...
2026-02-20T04:00:00.461Z [INFO]: ✅ 余额预警检查完成
2026-02-20T04:00:00.461Z [INFO]: ✅ 余额预警检查完成
2026-02-20T04:00:04.143Z [INFO]: 采集完成: 成功 2, 失败 0
2026-02-20T04:00:04.143Z [INFO]: ✅ 定时数据采集完成
2026-02-20T06:00:00.148Z [INFO]: 🕐 开始定时数据采集任务
2026-02-20T06:00:03.845Z [INFO]: 采集完成: 成功 2, 失败 0
2026-02-20T06:00:03.845Z [INFO]: ✅ 定时数据采集完成
2026-02-20T07:10:54.930Z [INFO]: 🚀 服务器运行在端口 3000
2026-02-20T07:31:17.644Z [ERROR]: 更新事务失败: SQLITE_CONSTRAINT: NOT NULL constraint failed: dormitory_affairs.title
2026-02-20T07:31:21.540Z [ERROR]: 更新事务失败: SQLITE_CONSTRAINT: NOT NULL constraint failed: dormitory_affairs.title
2026-02-20T08:00:00.123Z [INFO]: 🕐 开始定时数据采集任务
2026-02-20T08:00:00.124Z [INFO]: 🕐 开始检查余额预警
2026-02-20T08:00:00.124Z [INFO]: 🔔 开始检查余额预警...
2026-02-20T08:00:00.127Z [INFO]: ✅ 余额预警检查完成
2026-02-20T08:00:00.127Z [INFO]: ✅ 余额预警检查完成
2026-02-20T08:00:03.830Z [INFO]: 采集完成: 成功 2, 失败 0
2026-02-20T08:00:03.830Z [INFO]: ✅ 定时数据采集完成
2026-02-20T10:00:00.438Z [INFO]: 🕐 开始定时数据采集任务
2026-02-20T10:00:04.268Z [INFO]: 采集完成: 成功 2, 失败 0
2026-02-20T10:00:04.268Z [INFO]: ✅ 定时数据采集完成
2026-02-20T12:00:00.024Z [INFO]: 🕐 开始定时数据采集任务
2026-02-20T12:00:00.025Z [INFO]: 🕐 开始检查余额预警
2026-02-20T12:00:00.025Z [INFO]: 🔔 开始检查余额预警...
2026-02-20T12:00:00.027Z [INFO]: ✅ 余额预警检查完成
2026-02-20T12:00:00.028Z [INFO]: ✅ 余额预警检查完成
2026-02-20T12:00:03.624Z [INFO]: 采集完成: 成功 2, 失败 0
2026-02-20T12:00:03.624Z [INFO]: ✅ 定时数据采集完成
2026-02-20T14:00:00.725Z [INFO]: 🕐 开始定时数据采集任务
2026-02-20T14:00:04.482Z [INFO]: 采集完成: 成功 2, 失败 0
2026-02-20T14:00:04.482Z [INFO]: ✅ 定时数据采集完成
2026-02-20T16:00:00.520Z [INFO]: 🕐 开始定时数据采集任务
2026-02-20T16:00:00.521Z [INFO]: 🕐 开始检查余额预警
2026-02-20T16:00:00.521Z [INFO]: 🔔 开始检查余额预警...
2026-02-20T16:00:00.523Z [INFO]: ✅ 余额预警检查完成
2026-02-20T16:00:00.523Z [INFO]: ✅ 余额预警检查完成
2026-02-20T16:00:04.272Z [INFO]: 采集完成: 成功 2, 失败 0
2026-02-20T16:00:04.272Z [INFO]: ✅ 定时数据采集完成
2026-02-20T16:05:00.694Z [INFO]: 🕐 开始计算昨日用电统计
2026-02-20T16:05:00.703Z [INFO]: 每日用电统计计算完成: 2026-02-19
2026-02-20T16:05:00.703Z [INFO]: ✅ 昨日用电统计计算完成
2026-02-20T18:00:00.285Z [INFO]: 🕐 开始定时数据采集任务
2026-02-20T18:00:03.896Z [INFO]: 采集完成: 成功 2, 失败 0
2026-02-20T18:00:03.897Z [INFO]: ✅ 定时数据采集完成
2026-02-20T20:00:00.005Z [INFO]: 🕐 开始定时数据采集任务
2026-02-20T20:00:00.005Z [INFO]: 🕐 开始检查余额预警
2026-02-20T20:00:00.006Z [INFO]: 🔔 开始检查余额预警...
2026-02-20T20:00:00.008Z [INFO]: ✅ 余额预警检查完成
2026-02-20T20:00:00.008Z [INFO]: ✅ 余额预警检查完成
2026-02-20T20:00:03.537Z [INFO]: 采集完成: 成功 2, 失败 0
2026-02-20T20:00:03.538Z [INFO]: ✅ 定时数据采集完成
2026-02-20T22:00:00.743Z [INFO]: 🕐 开始定时数据采集任务
2026-02-20T22:00:04.379Z [INFO]: 采集完成: 成功 2, 失败 0
2026-02-20T22:00:04.379Z [INFO]: ✅ 定时数据采集完成
2026-02-21T00:00:00.543Z [INFO]: 🕐 开始定时数据采集任务
2026-02-21T00:00:00.543Z [INFO]: 🕐 开始检查余额预警
2026-02-21T00:00:00.543Z [INFO]: 🔔 开始检查余额预警...
2026-02-21T00:00:00.544Z [INFO]: 🕐 开始生成周期事务
2026-02-21T00:00:00.544Z [INFO]: 🔄 开始生成周期事务: 2026-02-21
2026-02-21T00:00:00.546Z [INFO]: 🔄 周期事务生成完成: 0 个
2026-02-21T00:00:00.546Z [INFO]: ✅ 周期事务生成完成: 0 个
2026-02-21T00:00:00.546Z [INFO]: ✅ 余额预警检查完成
2026-02-21T00:00:00.546Z [INFO]: ✅ 余额预警检查完成
2026-02-21T00:00:04.391Z [INFO]: 采集完成: 成功 2, 失败 0
2026-02-21T00:00:04.391Z [INFO]: ✅ 定时数据采集完成
2026-02-21T02:00:00.449Z [INFO]: 🕐 开始定时数据采集任务
2026-02-21T02:00:04.020Z [INFO]: 采集完成: 成功 2, 失败 0
2026-02-21T02:00:04.021Z [INFO]: ✅ 定时数据采集完成
2026-02-21T04:00:00.259Z [INFO]: 🕐 开始定时数据采集任务
2026-02-21T04:00:00.259Z [INFO]: 🕐 开始检查余额预警
2026-02-21T04:00:00.259Z [INFO]: 🔔 开始检查余额预警...
2026-02-21T04:00:00.262Z [INFO]: ✅ 余额预警检查完成
2026-02-21T04:00:00.262Z [INFO]: ✅ 余额预警检查完成
2026-02-21T04:00:03.857Z [INFO]: 采集完成: 成功 2, 失败 0
2026-02-21T04:00:03.857Z [INFO]: ✅ 定时数据采集完成
2026-02-21T05:36:57.193Z [INFO]: 🚀 服务器运行在端口 3000
2026-02-21T06:00:00.886Z [INFO]: 🕐 开始定时数据采集任务
2026-02-21T06:00:04.944Z [INFO]: 采集完成: 成功 2, 失败 0
2026-02-21T06:00:04.944Z [INFO]: ✅ 定时数据采集完成
2026-02-21T06:15:25.075Z [ERROR]: 更新事务失败: SQLITE_CONSTRAINT: NOT NULL constraint failed: dormitory_affairs.title
2026-02-21T06:15:27.831Z [ERROR]: 更新事务失败: SQLITE_CONSTRAINT: NOT NULL constraint failed: dormitory_affairs.title
2026-02-21T06:20:19.308Z [INFO]: 🚀 服务器运行在端口 3000
2026-02-21T08:00:00.253Z [INFO]: 🕐 开始定时数据采集任务
2026-02-21T08:00:00.254Z [INFO]: 🕐 开始检查余额预警
2026-02-21T08:00:00.255Z [INFO]: 🔔 开始检查余额预警...
2026-02-21T08:00:00.266Z [INFO]: ✅ 余额预警检查完成
2026-02-21T08:00:00.266Z [INFO]: ✅ 余额预警检查完成
2026-02-21T08:00:04.040Z [INFO]: 采集完成: 成功 2, 失败 0
2026-02-21T08:00:04.041Z [INFO]: ✅ 定时数据采集完成
2026-02-21T10:00:00.006Z [INFO]: 🕐 开始定时数据采集任务
2026-02-21T10:00:03.682Z [INFO]: 采集完成: 成功 2, 失败 0
2026-02-21T10:00:03.682Z [INFO]: ✅ 定时数据采集完成
2026-02-21T12:00:00.807Z [INFO]: 🕐 开始定时数据采集任务
2026-02-21T12:00:00.808Z [INFO]: 🕐 开始检查余额预警
2026-02-21T12:00:00.808Z [INFO]: 🔔 开始检查余额预警...
2026-02-21T12:00:00.811Z [INFO]: ✅ 余额预警检查完成
2026-02-21T12:00:00.811Z [INFO]: ✅ 余额预警检查完成
2026-02-21T12:00:04.503Z [INFO]: 采集完成: 成功 2, 失败 0
2026-02-21T12:00:04.504Z [INFO]: ✅ 定时数据采集完成
2026-02-21T12:45:27.352Z [INFO]: 🚀 服务器运行在端口 3000
2026-02-21T14:00:00.424Z [INFO]: 🕐 开始定时数据采集任务
2026-02-21T14:00:04.050Z [INFO]: 采集完成: 成功 2, 失败 0
2026-02-21T14:00:04.050Z [INFO]: ✅ 定时数据采集完成
2026-02-21T15:42:28.054Z [INFO]: 🚀 服务器运行在端口 3000
2026-02-21T16:00:00.383Z [INFO]: 🕐 开始定时数据采集任务
2026-02-21T16:00:00.384Z [INFO]: 🕐 开始检查余额预警
2026-02-21T16:00:00.385Z [INFO]: 🔔 开始检查余额预警...
2026-02-21T16:00:00.396Z [INFO]: ✅ 余额预警检查完成
2026-02-21T16:00:00.396Z [INFO]: ✅ 余额预警检查完成
2026-02-21T16:00:04.039Z [INFO]: 采集完成: 成功 2, 失败 0
2026-02-21T16:00:04.040Z [INFO]: ✅ 定时数据采集完成
2026-02-21T16:05:00.526Z [INFO]: 🕐 开始计算昨日用电统计
2026-02-21T16:05:00.539Z [INFO]: 每日用电统计计算完成: 2026-02-20
2026-02-21T16:05:00.539Z [INFO]: ✅ 昨日用电统计计算完成
2026-02-21T18:00:00.089Z [INFO]: 🕐 开始定时数据采集任务
2026-02-21T18:00:03.658Z [INFO]: 采集完成: 成功 2, 失败 0
2026-02-21T18:00:03.658Z [INFO]: ✅ 定时数据采集完成
2026-02-21T20:00:00.683Z [INFO]: 🕐 开始定时数据采集任务
2026-02-21T20:00:00.683Z [INFO]: 🕐 开始检查余额预警
2026-02-21T20:00:00.683Z [INFO]: 🔔 开始检查余额预警...
2026-02-21T20:00:00.686Z [INFO]: ✅ 余额预警检查完成
2026-02-21T20:00:00.686Z [INFO]: ✅ 余额预警检查完成
2026-02-21T20:00:04.227Z [INFO]: 采集完成: 成功 2, 失败 0
2026-02-21T20:00:04.228Z [INFO]: ✅ 定时数据采集完成
2026-02-21T22:00:00.383Z [INFO]: 🕐 开始定时数据采集任务
2026-02-21T22:00:03.900Z [INFO]: 采集完成: 成功 2, 失败 0
2026-02-21T22:00:03.900Z [INFO]: ✅ 定时数据采集完成
2026-02-22T00:00:00.015Z [INFO]: 🕐 开始定时数据采集任务
2026-02-22T00:00:00.015Z [INFO]: 🕐 开始检查余额预警
2026-02-22T00:00:00.015Z [INFO]: 🔔 开始检查余额预警...
2026-02-22T00:00:00.016Z [INFO]: 🕐 开始生成周期事务
2026-02-22T00:00:00.016Z [INFO]: 🔄 开始生成周期事务: 2026-02-22
2026-02-22T00:00:00.018Z [INFO]: 🔄 周期事务生成完成: 0 个
2026-02-22T00:00:00.018Z [INFO]: ✅ 周期事务生成完成: 0 个
2026-02-22T00:00:00.019Z [INFO]: ✅ 余额预警检查完成
2026-02-22T00:00:00.019Z [INFO]: ✅ 余额预警检查完成
2026-02-22T00:00:03.802Z [INFO]: 采集完成: 成功 2, 失败 0
2026-02-22T00:00:03.802Z [INFO]: ✅ 定时数据采集完成
2026-02-22T01:08:35.932Z [INFO]: 🚀 服务器运行在端口 3000
2026-02-22T02:00:00.292Z [INFO]: 🕐 开始定时数据采集任务
2026-02-22T02:00:04.117Z [INFO]: 采集完成: 成功 2, 失败 0
2026-02-22T02:00:04.118Z [INFO]: ✅ 定时数据采集完成
2026-02-22T04:00:00.972Z [INFO]: 🕐 开始定时数据采集任务
2026-02-22T04:00:00.973Z [INFO]: 🕐 开始检查余额预警
2026-02-22T04:00:00.973Z [INFO]: 🔔 开始检查余额预警...
2026-02-22T04:00:00.976Z [INFO]: ✅ 余额预警检查完成
2026-02-22T04:00:00.976Z [INFO]: ✅ 余额预警检查完成
2026-02-22T04:00:04.656Z [INFO]: 采集完成: 成功 2, 失败 0
2026-02-22T04:00:04.656Z [INFO]: ✅ 定时数据采集完成
2026-02-22T06:00:00.603Z [INFO]: 🕐 开始定时数据采集任务
2026-02-22T06:00:04.263Z [INFO]: 采集完成: 成功 2, 失败 0
2026-02-22T06:00:04.263Z [INFO]: ✅ 定时数据采集完成
2026-02-22T06:10:51.296Z [INFO]: 🚀 服务器运行在端口 3000
2026-02-22T06:15:29.024Z [INFO]: 🚀 服务器运行在端口 3000
2026-02-22T06:40:07.098Z [INFO]: 🚀 服务器运行在端口 3000
2026-02-22T06:40:58.707Z [INFO]: 🚀 服务器运行在端口 3000
2026-02-22T06:44:02.548Z [INFO]: === 创建投票请求 ===
2026-02-22T06:44:02.549Z [INFO]: Body:
2026-02-22T06:44:02.549Z [INFO]: User:
2026-02-22T06:44:02.549Z [INFO]: membersJson:
2026-02-22T06:45:50.592Z [INFO]: 🚀 服务器运行在端口 3000
2026-02-22T06:51:12.511Z [INFO]: 获取投票列表, roomName:
2026-02-22T06:51:12.514Z [INFO]: 投票列表:
2026-02-22T06:51:18.725Z [INFO]: 获取投票列表, roomName:
2026-02-22T06:51:18.726Z [INFO]: 投票列表:
2026-02-22T06:51:26.834Z [INFO]: === 创建投票请求 ===
2026-02-22T06:51:26.835Z [INFO]: Body:
2026-02-22T06:51:26.835Z [INFO]: User:
2026-02-22T06:51:26.835Z [INFO]: membersJson:
2026-02-22T06:51:27.258Z [INFO]: 获取投票列表, roomName:
2026-02-22T06:51:27.259Z [INFO]: 投票列表:
2026-02-22T06:51:28.650Z [INFO]: 获取投票列表, roomName:
2026-02-22T06:51:28.652Z [INFO]: 投票列表:
2026-02-22T06:51:32.579Z [INFO]: 获取投票列表, roomName:
2026-02-22T06:51:32.580Z [INFO]: 投票列表:
2026-02-22T06:51:56.451Z [INFO]: 获取投票列表, roomName:
2026-02-22T06:51:56.452Z [INFO]: 投票列表:
2026-02-22T06:52:04.693Z [INFO]: === 创建投票请求 ===
2026-02-22T06:52:04.694Z [INFO]: Body:
2026-02-22T06:52:04.694Z [INFO]: User:
2026-02-22T06:52:04.694Z [INFO]: membersJson:
2026-02-22T06:52:05.118Z [INFO]: 获取投票列表, roomName:
2026-02-22T06:52:05.119Z [INFO]: 投票列表:
2026-02-22T07:05:43.897Z [INFO]: 获取投票列表, roomName:
2026-02-22T07:05:43.898Z [INFO]: 投票列表:
2026-02-22T07:41:55.343Z [INFO]: 获取投票列表, roomName:
2026-02-22T07:41:55.344Z [INFO]: 投票列表:
2026-02-22T07:47:01.994Z [INFO]: 🚀 服务器运行在端口 3000
2026-02-22T07:50:48.842Z [INFO]: 获取投票列表, userId:
2026-02-22T07:50:48.845Z [INFO]: 投票列表:
2026-02-22T07:51:01.012Z [INFO]: === 创建投票请求 ===
2026-02-22T07:51:01.013Z [INFO]: User from token:
2026-02-22T07:51:01.013Z [INFO]: membersJson:
2026-02-22T07:51:01.440Z [INFO]: 获取投票列表, userId:
2026-02-22T07:51:01.442Z [INFO]: 投票列表:
2026-02-22T07:51:02.783Z [INFO]: 获取投票列表, userId:
2026-02-22T07:51:02.785Z [INFO]: 投票列表:
2026-02-22T07:51:03.423Z [INFO]: 获取投票列表, userId:
2026-02-22T07:51:03.424Z [INFO]: 投票列表:
2026-02-22T07:51:03.805Z [INFO]: 获取投票列表, userId:
2026-02-22T07:51:03.807Z [INFO]: 投票列表:
2026-02-22T07:51:04.026Z [INFO]: 获取投票列表, userId:
2026-02-22T07:51:04.027Z [INFO]: 投票列表:
2026-02-22T07:51:04.208Z [INFO]: 获取投票列表, userId:
2026-02-22T07:51:04.209Z [INFO]: 投票列表:
2026-02-22T07:51:04.472Z [INFO]: 获取投票列表, userId:
2026-02-22T07:51:04.473Z [INFO]: 投票列表:
2026-02-22T07:51:05.895Z [INFO]: 获取投票列表, userId:
2026-02-22T07:51:05.896Z [INFO]: 投票列表:
2026-02-22T07:51:14.289Z [INFO]: === 创建投票请求 ===
2026-02-22T07:51:14.289Z [INFO]: User from token:
2026-02-22T07:51:14.289Z [INFO]: membersJson:
2026-02-22T07:51:14.724Z [INFO]: 获取投票列表, userId:
2026-02-22T07:51:14.725Z [INFO]: 投票列表:
2026-02-22T07:51:18.185Z [INFO]: 获取投票列表, userId:
2026-02-22T07:51:18.186Z [INFO]: 投票列表:
2026-02-22T07:51:19.582Z [INFO]: 获取投票列表, userId:
2026-02-22T07:51:19.583Z [INFO]: 投票列表:
2026-02-22T07:53:57.525Z [INFO]: 🚀 服务器运行在端口 3000
2026-02-22T07:56:19.458Z [INFO]: 获取投票列表, req.user:
2026-02-22T07:56:19.459Z [INFO]: room from token:
2026-02-22T07:56:19.461Z [INFO]: 投票列表:
2026-02-22T08:00:00.611Z [INFO]: 🕐 开始定时数据采集任务
2026-02-22T08:00:00.612Z [INFO]: 🕐 开始检查余额预警
2026-02-22T08:00:00.612Z [INFO]: 🔔 开始检查余额预警...
2026-02-22T08:00:00.623Z [INFO]: ✅ 余额预警检查完成
2026-02-22T08:00:00.623Z [INFO]: ✅ 余额预警检查完成
2026-02-22T08:00:04.479Z [INFO]: 采集完成: 成功 2, 失败 0
2026-02-22T08:00:04.479Z [INFO]: ✅ 定时数据采集完成
2026-02-22T10:00:00.163Z [INFO]: 🕐 开始定时数据采集任务
2026-02-22T10:00:03.706Z [INFO]: 采集完成: 成功 2, 失败 0
2026-02-22T10:00:03.706Z [INFO]: ✅ 定时数据采集完成
2026-02-22T12:00:00.824Z [INFO]: 🕐 开始定时数据采集任务
2026-02-22T12:00:00.825Z [INFO]: 🕐 开始检查余额预警
2026-02-22T12:00:00.825Z [INFO]: 🔔 开始检查余额预警...
2026-02-22T12:00:00.828Z [INFO]: ✅ 余额预警检查完成
2026-02-22T12:00:00.828Z [INFO]: ✅ 余额预警检查完成
2026-02-22T12:00:04.392Z [INFO]: 采集完成: 成功 2, 失败 0
2026-02-22T12:00:04.392Z [INFO]: ✅ 定时数据采集完成
2026-02-22T14:00:00.554Z [INFO]: 🕐 开始定时数据采集任务
2026-02-22T14:00:04.142Z [INFO]: 采集完成: 成功 2, 失败 0
2026-02-22T14:00:04.142Z [INFO]: ✅ 定时数据采集完成
2026-02-22T16:00:00.285Z [INFO]: 🕐 开始定时数据采集任务
2026-02-22T16:00:00.285Z [INFO]: 🕐 开始检查余额预警
2026-02-22T16:00:00.285Z [INFO]: 🔔 开始检查余额预警...
2026-02-22T16:00:00.287Z [INFO]: ✅ 余额预警检查完成
2026-02-22T16:00:00.288Z [INFO]: ✅ 余额预警检查完成
2026-02-22T16:00:03.907Z [INFO]: 采集完成: 成功 2, 失败 0
2026-02-22T16:00:03.908Z [INFO]: ✅ 定时数据采集完成
2026-02-22T16:05:00.447Z [INFO]: 🕐 开始计算昨日用电统计
2026-02-22T16:05:00.457Z [INFO]: 每日用电统计计算完成: 2026-02-21
2026-02-22T16:05:00.457Z [INFO]: ✅ 昨日用电统计计算完成
2026-02-22T17:53:25.007Z [INFO]: 获取投票列表, req.user:
2026-02-22T17:53:25.007Z [INFO]: room from token:
2026-02-22T17:53:25.008Z [INFO]: 投票列表:
2026-02-22T17:53:49.831Z [INFO]: === 创建投票请求 ===
2026-02-22T17:53:49.832Z [INFO]: User from token:
2026-02-22T17:53:49.832Z [INFO]: membersJson:
2026-02-22T17:53:50.259Z [INFO]: 获取投票列表, req.user:
2026-02-22T17:53:50.259Z [INFO]: room from token:
2026-02-22T17:53:50.261Z [INFO]: 投票列表:
2026-02-22T17:53:51.995Z [INFO]: 获取投票列表, req.user:
2026-02-22T17:53:51.995Z [INFO]: room from token:
2026-02-22T17:53:51.996Z [INFO]: 投票列表:
2026-02-22T17:57:40.439Z [INFO]: 🚀 服务器运行在端口 3000
2026-02-22T17:59:21.845Z [INFO]: 获取投票列表, req.user:
2026-02-22T17:59:21.846Z [INFO]: room from token:
2026-02-22T17:59:21.848Z [INFO]: 投票列表:
2026-02-22T17:59:31.460Z [INFO]: === 创建投票请求 ===
2026-02-22T17:59:31.461Z [INFO]: User from token:
2026-02-22T17:59:31.461Z [INFO]: membersJson:
2026-02-22T17:59:31.889Z [INFO]: 获取投票列表, req.user:
2026-02-22T17:59:31.890Z [INFO]: room from token:
2026-02-22T17:59:31.891Z [INFO]: 投票列表:
2026-02-22T17:59:35.093Z [INFO]: 获取投票列表, req.user:
2026-02-22T17:59:35.093Z [INFO]: room from token:
2026-02-22T17:59:35.094Z [INFO]: 投票列表:
2026-02-22T18:00:00.476Z [INFO]: 🕐 开始定时数据采集任务
2026-02-22T18:00:04.028Z [INFO]: 采集完成: 成功 2, 失败 0
2026-02-22T18:00:04.029Z [INFO]: ✅ 定时数据采集完成
2026-02-22T18:10:07.786Z [INFO]: 🚀 服务器运行在端口 3000
2026-02-22T18:12:08.955Z [INFO]: 获取投票列表, req.user: {"userId":1,"account":"19940686925","room":"武鸣校区桂园公寓13栋5楼学生宿舍桂园公寓13-513","iat":1771782786,"exp":1772387586}
2026-02-22T18:12:08.955Z [INFO]: room from token:
2026-02-22T18:12:08.957Z [INFO]: 投票列表:
2026-02-22T18:12:18.849Z [INFO]: === 创建投票请求 ===
2026-02-22T18:12:18.849Z [INFO]: User from token: {"userId":1,"account":"19940686925","room":"武鸣校区桂园公寓13栋5楼学生宿舍桂园公寓13-513","iat":1771782786,"exp":1772387586}
2026-02-22T18:12:18.849Z [INFO]: membersJson:
2026-02-22T18:12:18.980Z [INFO]: 获取投票列表, req.user: {"userId":1,"account":"19940686925","room":"武鸣校区桂园公寓13栋5楼学生宿舍桂园公寓13-513","iat":1771782786,"exp":1772387586}
2026-02-22T18:12:18.981Z [INFO]: room from token:
2026-02-22T18:12:18.982Z [INFO]: 投票列表:
2026-02-22T18:13:27.417Z [INFO]: 获取投票列表, req.user: {"userId":1,"account":"19940686925","room":"武鸣校区桂园公寓13栋5楼学生宿舍桂园公寓13-513","iat":1771783994,"exp":1772388794}
2026-02-22T18:13:27.417Z [INFO]: room from token:
2026-02-22T18:13:27.418Z [INFO]: 投票列表:
2026-02-22T20:00:00.973Z [INFO]: 🕐 开始定时数据采集任务
2026-02-22T20:00:00.973Z [INFO]: 🕐 开始检查余额预警
2026-02-22T20:00:00.974Z [INFO]: 🔔 开始检查余额预警...
2026-02-22T20:00:00.984Z [INFO]: ✅ 余额预警检查完成
2026-02-22T20:00:00.984Z [INFO]: ✅ 余额预警检查完成
2026-02-22T20:00:04.542Z [INFO]: 采集完成: 成功 2, 失败 0
2026-02-22T20:00:04.542Z [INFO]: ✅ 定时数据采集完成
2026-02-22T22:00:00.716Z [INFO]: 🕐 开始定时数据采集任务
2026-02-22T22:00:04.342Z [INFO]: 采集完成: 成功 2, 失败 0
2026-02-22T22:00:04.343Z [INFO]: ✅ 定时数据采集完成
2026-02-23T00:00:00.390Z [INFO]: 🕐 开始定时数据采集任务
2026-02-23T00:00:00.391Z [INFO]: 🕐 开始检查余额预警
2026-02-23T00:00:00.391Z [INFO]: 🔔 开始检查余额预警...
2026-02-23T00:00:00.391Z [INFO]: 🕐 开始生成周期事务
2026-02-23T00:00:00.392Z [INFO]: 🔄 开始生成周期事务: 2026-02-23
2026-02-23T00:00:00.394Z [INFO]: 🔄 周期事务生成完成: 0 个
2026-02-23T00:00:00.394Z [INFO]: ✅ 周期事务生成完成: 0 个
2026-02-23T00:00:00.394Z [INFO]: ✅ 余额预警检查完成
2026-02-23T00:00:00.394Z [INFO]: ✅ 余额预警检查完成
2026-02-23T00:00:04.190Z [INFO]: 采集完成: 成功 2, 失败 0
2026-02-23T00:00:04.190Z [INFO]: ✅ 定时数据采集完成
2026-02-23T02:00:00.142Z [INFO]: 🕐 开始定时数据采集任务
2026-02-23T02:00:04.009Z [INFO]: 采集完成: 成功 2, 失败 0
2026-02-23T02:00:04.009Z [INFO]: ✅ 定时数据采集完成
2026-02-23T04:00:00.964Z [INFO]: 🕐 开始定时数据采集任务
2026-02-23T04:00:00.965Z [INFO]: 🕐 开始检查余额预警
2026-02-23T04:00:00.965Z [INFO]: 🔔 开始检查余额预警...
2026-02-23T04:00:00.967Z [INFO]: ✅ 余额预警检查完成
2026-02-23T04:00:00.967Z [INFO]: ✅ 余额预警检查完成
2026-02-23T04:00:04.965Z [INFO]: 采集完成: 成功 2, 失败 0
2026-02-23T04:00:04.965Z [INFO]: ✅ 定时数据采集完成
2026-02-23T06:00:00.472Z [INFO]: 🕐 开始定时数据采集任务
2026-02-23T06:00:04.096Z [INFO]: 采集完成: 成功 2, 失败 0
2026-02-23T06:00:04.096Z [INFO]: ✅ 定时数据采集完成
2026-02-23T08:00:00.415Z [INFO]: 🕐 开始定时数据采集任务
2026-02-23T08:00:00.416Z [INFO]: 🕐 开始检查余额预警
2026-02-23T08:00:00.416Z [INFO]: 🔔 开始检查余额预警...
2026-02-23T08:00:00.418Z [INFO]: ✅ 余额预警检查完成
2026-02-23T08:00:00.418Z [INFO]: ✅ 余额预警检查完成
2026-02-23T08:00:04.084Z [INFO]: 采集完成: 成功 2, 失败 0
2026-02-23T08:00:04.084Z [INFO]: ✅ 定时数据采集完成
2026-02-23T10:00:00.217Z [INFO]: 🕐 开始定时数据采集任务
2026-02-23T10:00:03.857Z [INFO]: 采集完成: 成功 2, 失败 0
2026-02-23T10:00:03.857Z [INFO]: ✅ 定时数据采集完成
2026-02-23T12:00:00.024Z [INFO]: 🕐 开始定时数据采集任务
2026-02-23T12:00:00.025Z [INFO]: 🕐 开始检查余额预警
2026-02-23T12:00:00.025Z [INFO]: 🔔 开始检查余额预警...
2026-02-23T12:00:00.027Z [INFO]: ✅ 余额预警检查完成
2026-02-23T12:00:00.027Z [INFO]: ✅ 余额预警检查完成
2026-02-23T12:00:03.582Z [INFO]: 采集完成: 成功 2, 失败 0
2026-02-23T12:00:03.583Z [INFO]: ✅ 定时数据采集完成
2026-02-23T14:00:00.748Z [INFO]: 🕐 开始定时数据采集任务
2026-02-23T14:00:04.392Z [INFO]: 采集完成: 成功 2, 失败 0
2026-02-23T14:00:04.392Z [INFO]: ✅ 定时数据采集完成
2026-02-23T16:00:00.502Z [INFO]: 🕐 开始定时数据采集任务
2026-02-23T16:00:00.503Z [INFO]: 🕐 开始检查余额预警
2026-02-23T16:00:00.503Z [INFO]: 🔔 开始检查余额预警...
2026-02-23T16:00:00.505Z [INFO]: ✅ 余额预警检查完成
2026-02-23T16:00:00.505Z [INFO]: ✅ 余额预警检查完成
2026-02-23T16:00:04.013Z [INFO]: 采集完成: 成功 2, 失败 0
2026-02-23T16:00:04.013Z [INFO]: ✅ 定时数据采集完成
2026-02-23T16:05:00.658Z [INFO]: 🕐 开始计算昨日用电统计
2026-02-23T16:05:00.669Z [INFO]: 每日用电统计计算完成: 2026-02-22
2026-02-23T16:05:00.669Z [INFO]: ✅ 昨日用电统计计算完成
2026-02-23T18:00:00.227Z [INFO]: 🕐 开始定时数据采集任务
2026-02-23T18:00:03.725Z [INFO]: 采集完成: 成功 2, 失败 0
2026-02-23T18:00:03.725Z [INFO]: ✅ 定时数据采集完成
2026-02-23T20:00:00.857Z [INFO]: 🕐 开始定时数据采集任务
2026-02-23T20:00:00.857Z [INFO]: 🕐 开始检查余额预警
2026-02-23T20:00:00.857Z [INFO]: 🔔 开始检查余额预警...
2026-02-23T20:00:00.860Z [INFO]: ✅ 余额预警检查完成
2026-02-23T20:00:00.860Z [INFO]: ✅ 余额预警检查完成
2026-02-23T20:00:04.413Z [INFO]: 采集完成: 成功 2, 失败 0
2026-02-23T20:00:04.413Z [INFO]: ✅ 定时数据采集完成
2026-02-23T22:00:00.524Z [INFO]: 🕐 开始定时数据采集任务
2026-02-23T22:00:04.067Z [INFO]: 采集完成: 成功 2, 失败 0
2026-02-23T22:00:04.067Z [INFO]: ✅ 定时数据采集完成
2026-02-24T00:00:00.226Z [INFO]: 🕐 开始定时数据采集任务
2026-02-24T00:00:00.226Z [INFO]: 🕐 开始检查余额预警
2026-02-24T00:00:00.226Z [INFO]: 🔔 开始检查余额预警...
2026-02-24T00:00:00.226Z [INFO]: 🕐 开始生成周期事务
2026-02-24T00:00:00.227Z [INFO]: 🔄 开始生成周期事务: 2026-02-24
2026-02-24T00:00:00.228Z [INFO]: 🔄 周期事务生成完成: 0 个
2026-02-24T00:00:00.229Z [INFO]: ✅ 周期事务生成完成: 0 个
2026-02-24T00:00:00.229Z [INFO]: ✅ 余额预警检查完成
2026-02-24T00:00:00.229Z [INFO]: ✅ 余额预警检查完成
2026-02-24T00:00:03.740Z [INFO]: 采集完成: 成功 2, 失败 0
2026-02-24T00:00:03.740Z [INFO]: ✅ 定时数据采集完成
2026-02-24T02:00:00.862Z [INFO]: 🕐 开始定时数据采集任务
2026-02-24T02:00:05.135Z [INFO]: 采集完成: 成功 2, 失败 0
2026-02-24T02:00:05.136Z [INFO]: ✅ 定时数据采集完成
2026-02-24T02:26:27.235Z [INFO]: 获取投票列表, req.user: {"userId":1,"account":"19940686925","room":"武鸣校区桂园公寓13栋5楼学生宿舍桂园公寓13-513","iat":1771433864,"exp":1772038664}
2026-02-24T02:26:27.235Z [INFO]: room from token:
2026-02-24T02:26:27.236Z [INFO]: 投票列表:
2026-02-24T02:26:38.328Z [INFO]: 获取投票列表, req.user: {"userId":1,"account":"19940686925","room":"武鸣校区桂园公寓13栋5楼学生宿舍桂园公寓13-513","iat":1771433864,"exp":1772038664}
2026-02-24T02:26:38.329Z [INFO]: room from token:
2026-02-24T02:26:38.329Z [INFO]: 投票列表:
2026-02-24T04:00:00.472Z [INFO]: 🕐 开始定时数据采集任务
2026-02-24T04:00:00.473Z [INFO]: 🕐 开始检查余额预警
2026-02-24T04:00:00.473Z [INFO]: 🔔 开始检查余额预警...
2026-02-24T04:00:00.475Z [INFO]: ✅ 余额预警检查完成
2026-02-24T04:00:00.475Z [INFO]: ✅ 余额预警检查完成
2026-02-24T04:00:04.407Z [INFO]: 采集完成: 成功 2, 失败 0
2026-02-24T04:00:04.407Z [INFO]: ✅ 定时数据采集完成
2026-02-24T06:00:00.961Z [INFO]: 🕐 开始定时数据采集任务
2026-02-24T06:00:04.716Z [INFO]: 采集完成: 成功 2, 失败 0
2026-02-24T06:00:04.716Z [INFO]: ✅ 定时数据采集完成
2026-02-24T07:46:33.835Z [INFO]: 获取投票列表, req.user: {"userId":1,"account":"19940686925","room":"武鸣校区桂园公寓13栋5楼学生宿舍桂园公寓13-513","iat":1771433864,"exp":1772038664}
2026-02-24T07:46:33.835Z [INFO]: room from token:
2026-02-24T07:46:33.836Z [INFO]: 投票列表:
2026-02-24T07:46:46.855Z [INFO]: 获取投票列表, req.user: {"userId":1,"account":"19940686925","room":"武鸣校区桂园公寓13栋5楼学生宿舍桂园公寓13-513","iat":1771433864,"exp":1772038664}
2026-02-24T07:46:46.855Z [INFO]: room from token:
2026-02-24T07:46:46.855Z [INFO]: 投票列表:
2026-02-24T07:46:50.494Z [INFO]: 获取投票列表, req.user: {"userId":1,"account":"19940686925","room":"武鸣校区桂园公寓13栋5楼学生宿舍桂园公寓13-513","iat":1771433864,"exp":1772038664}
2026-02-24T07:46:50.495Z [INFO]: room from token:
2026-02-24T07:46:50.496Z [INFO]: 投票列表:
2026-02-24T07:46:56.624Z [INFO]: 获取投票列表, req.user: {"userId":1,"account":"19940686925","room":"武鸣校区桂园公寓13栋5楼学生宿舍桂园公寓13-513","iat":1771433864,"exp":1772038664}
2026-02-24T07:46:56.625Z [INFO]: room from token:
2026-02-24T07:46:56.626Z [INFO]: 投票列表:
2026-02-24T08:00:00.554Z [INFO]: 🕐 开始定时数据采集任务
2026-02-24T08:00:00.554Z [INFO]: 🕐 开始检查余额预警
2026-02-24T08:00:00.554Z [INFO]: 🔔 开始检查余额预警...
2026-02-24T08:00:00.556Z [INFO]: ✅ 余额预警检查完成
2026-02-24T08:00:00.556Z [INFO]: ✅ 余额预警检查完成
2026-02-24T08:00:04.444Z [INFO]: 采集完成: 成功 2, 失败 0
2026-02-24T08:00:04.444Z [INFO]: ✅ 定时数据采集完成
2026-02-24T10:00:00.282Z [INFO]: 🕐 开始定时数据采集任务
2026-02-24T10:00:03.992Z [INFO]: 采集完成: 成功 2, 失败 0
2026-02-24T10:00:03.992Z [INFO]: ✅ 定时数据采集完成
2026-02-24T12:00:00.920Z [INFO]: 🕐 开始定时数据采集任务
2026-02-24T12:00:00.920Z [INFO]: 🕐 开始检查余额预警
2026-02-24T12:00:00.920Z [INFO]: 🔔 开始检查余额预警...
2026-02-24T12:00:00.922Z [INFO]: ✅ 余额预警检查完成
2026-02-24T12:00:00.923Z [INFO]: ✅ 余额预警检查完成
2026-02-24T12:00:04.548Z [INFO]: 采集完成: 成功 2, 失败 0
2026-02-24T12:00:04.548Z [INFO]: ✅ 定时数据采集完成
2026-02-24T14:00:00.533Z [INFO]: 🕐 开始定时数据采集任务
2026-02-24T14:00:04.176Z [INFO]: 采集完成: 成功 2, 失败 0
2026-02-24T14:00:04.176Z [INFO]: ✅ 定时数据采集完成
2026-02-24T14:42:20.519Z [INFO]: 获取投票列表, req.user: {"userId":1,"account":"19940686925","room":"武鸣校区桂园公寓13栋5楼学生宿舍桂园公寓13-513","iat":1771416995,"exp":1772021795}
2026-02-24T14:42:20.519Z [INFO]: room from token:
2026-02-24T14:42:20.520Z [INFO]: 投票列表:
2026-02-24T15:18:38.010Z [INFO]: 获取投票列表, req.user: {"userId":1,"account":"19940686925","room":"武鸣校区桂园公寓13栋5楼学生宿舍桂园公寓13-513","iat":1771416995,"exp":1772021795}
2026-02-24T15:18:38.010Z [INFO]: room from token:
2026-02-24T15:18:38.011Z [INFO]: 投票列表:
2026-02-24T15:18:39.855Z [INFO]: 获取投票列表, req.user: {"userId":1,"account":"19940686925","room":"武鸣校区桂园公寓13栋5楼学生宿舍桂园公寓13-513","iat":1771416995,"exp":1772021795}
2026-02-24T15:18:39.855Z [INFO]: room from token:
2026-02-24T15:18:39.855Z [INFO]: 投票列表:
2026-02-24T15:24:04.304Z [INFO]: 获取投票列表, req.user: {"userId":1,"account":"19940686925","room":"武鸣校区桂园公寓13栋5楼学生宿舍桂园公寓13-513","iat":1771416995,"exp":1772021795}
2026-02-24T15:24:04.304Z [INFO]: room from token:
2026-02-24T15:24:04.305Z [INFO]: 投票列表:
2026-02-24T15:32:01.088Z [INFO]: 获取投票列表, req.user: {"userId":1,"account":"19940686925","room":"武鸣校区桂园公寓13栋5楼学生宿舍桂园公寓13-513","iat":1771416995,"exp":1772021795}
2026-02-24T15:32:01.088Z [INFO]: room from token:
2026-02-24T15:32:01.089Z [INFO]: 投票列表:
2026-02-24T15:32:23.334Z [INFO]: 获取投票列表, req.user: {"userId":1,"account":"19940686925","room":"武鸣校区桂园公寓13栋5楼学生宿舍桂园公寓13-513","iat":1771416995,"exp":1772021795}
2026-02-24T15:32:23.335Z [INFO]: room from token:
2026-02-24T15:32:23.335Z [INFO]: 投票列表:
2026-02-24T15:32:38.970Z [INFO]: 获取投票列表, req.user: {"userId":1,"account":"19940686925","room":"武鸣校区桂园公寓13栋5楼学生宿舍桂园公寓13-513","iat":1771416995,"exp":1772021795}
2026-02-24T15:32:38.970Z [INFO]: room from token:
2026-02-24T15:32:38.971Z [INFO]: 投票列表:
2026-02-24T15:42:49.308Z [INFO]: 获取投票列表, req.user: {"userId":1,"account":"19940686925","room":"武鸣校区桂园公寓13栋5楼学生宿舍桂园公寓13-513","iat":1771416995,"exp":1772021795}
2026-02-24T15:42:49.308Z [INFO]: room from token:
2026-02-24T15:42:49.309Z [INFO]: 投票列表:
2026-02-24T15:42:51.060Z [INFO]: 获取投票列表, req.user: {"userId":1,"account":"19940686925","room":"武鸣校区桂园公寓13栋5楼学生宿舍桂园公寓13-513","iat":1771416995,"exp":1772021795}
2026-02-24T15:42:51.060Z [INFO]: room from token:
2026-02-24T15:42:51.061Z [INFO]: 投票列表:
2026-02-24T15:42:53.283Z [INFO]: 获取投票列表, req.user: {"userId":1,"account":"19940686925","room":"武鸣校区桂园公寓13栋5楼学生宿舍桂园公寓13-513","iat":1771416995,"exp":1772021795}
2026-02-24T15:42:53.283Z [INFO]: room from token:
2026-02-24T15:42:53.283Z [INFO]: 投票列表:
2026-02-24T15:42:54.678Z [INFO]: 获取投票列表, req.user: {"userId":1,"account":"19940686925","room":"武鸣校区桂园公寓13栋5楼学生宿舍桂园公寓13-513","iat":1771416995,"exp":1772021795}
2026-02-24T15:42:54.678Z [INFO]: room from token:
2026-02-24T15:42:54.679Z [INFO]: 投票列表:
2026-02-24T15:43:11.825Z [INFO]: 获取投票列表, req.user: {"userId":1,"account":"19940686925","room":"武鸣校区桂园公寓13栋5楼学生宿舍桂园公寓13-513","iat":1771416995,"exp":1772021795}
2026-02-24T15:43:11.825Z [INFO]: room from token:
2026-02-24T15:43:11.826Z [INFO]: 投票列表:
2026-02-24T15:43:16.288Z [INFO]: 获取投票列表, req.user: {"userId":1,"account":"19940686925","room":"武鸣校区桂园公寓13栋5楼学生宿舍桂园公寓13-513","iat":1771416995,"exp":1772021795}
2026-02-24T15:43:16.288Z [INFO]: room from token:
2026-02-24T15:43:16.289Z [INFO]: 投票列表:
