Error: bind EADDRINUSE null:80
    at listenOnPrimaryHandle (node:net:2021:18)
    at rr (node:internal/cluster/child:163:12)
    at Worker.<anonymous> (node:internal/cluster/child:113:7)
    at process.onInternalMessage (node:internal/cluster/utils:49:5)
    at process.emit (node:events:520:35)
    at emit (node:internal/child_process:949:14)
    at process.processTicksAndRejections (node:internal/process/task_queues:90:21)
Error: bind EADDRINUSE null:80
    at listenOnPrimaryHandle (node:net:2021:18)
    at rr (node:internal/cluster/child:163:12)
    at Worker.<anonymous> (node:internal/cluster/child:113:7)
    at process.onInternalMessage (node:internal/cluster/utils:49:5)
    at process.emit (node:events:520:35)
    at emit (node:internal/child_process:949:14)
    at process.processTicksAndRejections (node:internal/process/task_queues:90:21)
Error: bind EADDRINUSE null:80
    at listenOnPrimaryHandle (node:net:2021:18)
    at rr (node:internal/cluster/child:163:12)
    at Worker.<anonymous> (node:internal/cluster/child:113:7)
    at process.onInternalMessage (node:internal/cluster/utils:49:5)
    at process.emit (node:events:520:35)
    at emit (node:internal/child_process:949:14)
    at process.processTicksAndRejections (node:internal/process/task_queues:90:21)
Error: bind EADDRINUSE null:80
    at listenOnPrimaryHandle (node:net:2021:18)
    at rr (node:internal/cluster/child:163:12)
    at Worker.<anonymous> (node:internal/cluster/child:113:7)
    at process.onInternalMessage (node:internal/cluster/utils:49:5)
    at process.emit (node:events:520:35)
    at emit (node:internal/child_process:949:14)
    at process.processTicksAndRejections (node:internal/process/task_queues:90:21)
Error: bind EADDRINUSE null:80
    at listenOnPrimaryHandle (node:net:2021:18)
    at rr (node:internal/cluster/child:163:12)
    at Worker.<anonymous> (node:internal/cluster/child:113:7)
    at process.onInternalMessage (node:internal/cluster/utils:49:5)
    at process.emit (node:events:520:35)
    at emit (node:internal/child_process:949:14)
    at process.processTicksAndRejections (node:internal/process/task_queues:90:21)
Error: bind EADDRINUSE null:80
    at listenOnPrimaryHandle (node:net:2021:18)
    at rr (node:internal/cluster/child:163:12)
    at Worker.<anonymous> (node:internal/cluster/child:113:7)
    at process.onInternalMessage (node:internal/cluster/utils:49:5)
    at process.emit (node:events:520:35)
    at emit (node:internal/child_process:949:14)
    at process.processTicksAndRejections (node:internal/process/task_queues:90:21)
Error: bind EADDRINUSE null:80
    at listenOnPrimaryHandle (node:net:2021:18)
    at rr (node:internal/cluster/child:163:12)
    at Worker.<anonymous> (node:internal/cluster/child:113:7)
    at process.onInternalMessage (node:internal/cluster/utils:49:5)
    at process.emit (node:events:520:35)
    at emit (node:internal/child_process:949:14)
    at process.processTicksAndRejections (node:internal/process/task_queues:90:21)
Error: bind EADDRINUSE null:80
    at listenOnPrimaryHandle (node:net:2021:18)
    at rr (node:internal/cluster/child:163:12)
    at Worker.<anonymous> (node:internal/cluster/child:113:7)
    at process.onInternalMessage (node:internal/cluster/utils:49:5)
    at process.emit (node:events:520:35)
    at emit (node:internal/child_process:949:14)
    at process.processTicksAndRejections (node:internal/process/task_queues:90:21)
Error: bind EADDRINUSE null:80
    at listenOnPrimaryHandle (node:net:2021:18)
    at rr (node:internal/cluster/child:163:12)
    at Worker.<anonymous> (node:internal/cluster/child:113:7)
    at process.onInternalMessage (node:internal/cluster/utils:49:5)
    at process.emit (node:events:520:35)
    at emit (node:internal/child_process:949:14)
    at process.processTicksAndRejections (node:internal/process/task_queues:90:21)
Error: bind EADDRINUSE null:80
    at listenOnPrimaryHandle (node:net:2021:18)
    at rr (node:internal/cluster/child:163:12)
    at Worker.<anonymous> (node:internal/cluster/child:113:7)
    at process.onInternalMessage (node:internal/cluster/utils:49:5)
    at process.emit (node:events:520:35)
    at emit (node:internal/child_process:949:14)
    at process.processTicksAndRejections (node:internal/process/task_queues:90:21)
Error: bind EADDRINUSE null:80
    at listenOnPrimaryHandle (node:net:2021:18)
    at rr (node:internal/cluster/child:163:12)
    at Worker.<anonymous> (node:internal/cluster/child:113:7)
    at process.onInternalMessage (node:internal/cluster/utils:49:5)
    at process.emit (node:events:520:35)
    at emit (node:internal/child_process:949:14)
    at process.processTicksAndRejections (node:internal/process/task_queues:90:21)
Error: bind EADDRINUSE null:80
    at listenOnPrimaryHandle (node:net:2021:18)
    at rr (node:internal/cluster/child:163:12)
    at Worker.<anonymous> (node:internal/cluster/child:113:7)
    at process.onInternalMessage (node:internal/cluster/utils:49:5)
    at process.emit (node:events:520:35)
    at emit (node:internal/child_process:949:14)
    at process.processTicksAndRejections (node:internal/process/task_queues:90:21)
Error: bind EADDRINUSE null:80
    at listenOnPrimaryHandle (node:net:2021:18)
    at rr (node:internal/cluster/child:163:12)
    at Worker.<anonymous> (node:internal/cluster/child:113:7)
    at process.onInternalMessage (node:internal/cluster/utils:49:5)
    at process.emit (node:events:520:35)
    at emit (node:internal/child_process:949:14)
    at process.processTicksAndRejections (node:internal/process/task_queues:90:21)
Error: bind EADDRINUSE null:80
    at listenOnPrimaryHandle (node:net:2021:18)
    at rr (node:internal/cluster/child:163:12)
    at Worker.<anonymous> (node:internal/cluster/child:113:7)
    at process.onInternalMessage (node:internal/cluster/utils:49:5)
    at process.emit (node:events:520:35)
    at emit (node:internal/child_process:949:14)
    at process.processTicksAndRejections (node:internal/process/task_queues:90:21)
Error: bind EADDRINUSE null:80
    at listenOnPrimaryHandle (node:net:2021:18)
    at rr (node:internal/cluster/child:163:12)
    at Worker.<anonymous> (node:internal/cluster/child:113:7)
    at process.onInternalMessage (node:internal/cluster/utils:49:5)
    at process.emit (node:events:520:35)
    at emit (node:internal/child_process:949:14)
    at process.processTicksAndRejections (node:internal/process/task_queues:90:21)
Error: bind EADDRINUSE null:80
    at listenOnPrimaryHandle (node:net:2021:18)
    at rr (node:internal/cluster/child:163:12)
    at Worker.<anonymous> (node:internal/cluster/child:113:7)
    at process.onInternalMessage (node:internal/cluster/utils:49:5)
    at process.emit (node:events:520:35)
    at emit (node:internal/child_process:949:14)
    at process.processTicksAndRejections (node:internal/process/task_queues:90:21)
2026-02-18 22:13:20: ValidationError: The 'X-Forwarded-For' header is set but the Express 'trust proxy' setting is false (default). This could indicate a misconfiguration which would prevent express-rate-limit from accurately identifying users. See https://express-rate-limit.github.io/ERR_ERL_UNEXPECTED_X_FORWARDED_FOR/ for more information.
    at Object.xForwardedForHeader (/root/.openclaw/workspace/electricity-system/backend/node_modules/express-rate-limit/dist/index.cjs:185:13)
    at wrappedValidations.<computed> [as xForwardedForHeader] (/root/.openclaw/workspace/electricity-system/backend/node_modules/express-rate-limit/dist/index.cjs:397:22)
    at Object.keyGenerator (/root/.openclaw/workspace/electricity-system/backend/node_modules/express-rate-limit/dist/index.cjs:658:20)
    at /root/.openclaw/workspace/electricity-system/backend/node_modules/express-rate-limit/dist/index.cjs:710:32
    at process.processTicksAndRejections (node:internal/process/task_queues:103:5)
    at async /root/.openclaw/workspace/electricity-system/backend/node_modules/express-rate-limit/dist/index.cjs:691:5 {
  code: 'ERR_ERL_UNEXPECTED_X_FORWARDED_FOR',
  help: 'https://express-rate-limit.github.io/ERR_ERL_UNEXPECTED_X_FORWARDED_FOR/'
}
2026-02-19 00:46:47: ValidationError: The 'X-Forwarded-For' header is set but the Express 'trust proxy' setting is false (default). This could indicate a misconfiguration which would prevent express-rate-limit from accurately identifying users. See https://express-rate-limit.github.io/ERR_ERL_UNEXPECTED_X_FORWARDED_FOR/ for more information.
    at Object.xForwardedForHeader (/root/.openclaw/workspace/electricity-system/backend/node_modules/express-rate-limit/dist/index.cjs:185:13)
    at wrappedValidations.<computed> [as xForwardedForHeader] (/root/.openclaw/workspace/electricity-system/backend/node_modules/express-rate-limit/dist/index.cjs:397:22)
    at Object.keyGenerator (/root/.openclaw/workspace/electricity-system/backend/node_modules/express-rate-limit/dist/index.cjs:658:20)
    at /root/.openclaw/workspace/electricity-system/backend/node_modules/express-rate-limit/dist/index.cjs:710:32
    at process.processTicksAndRejections (node:internal/process/task_queues:103:5)
    at async /root/.openclaw/workspace/electricity-system/backend/node_modules/express-rate-limit/dist/index.cjs:691:5 {
  code: 'ERR_ERL_UNEXPECTED_X_FORWARDED_FOR',
  help: 'https://express-rate-limit.github.io/ERR_ERL_UNEXPECTED_X_FORWARDED_FOR/'
}
2026-02-19 01:19:21: ValidationError: The 'X-Forwarded-For' header is set but the Express 'trust proxy' setting is false (default). This could indicate a misconfiguration which would prevent express-rate-limit from accurately identifying users. See https://express-rate-limit.github.io/ERR_ERL_UNEXPECTED_X_FORWARDED_FOR/ for more information.
    at Object.xForwardedForHeader (/root/.openclaw/workspace/electricity-system/backend/node_modules/express-rate-limit/dist/index.cjs:185:13)
    at wrappedValidations.<computed> [as xForwardedForHeader] (/root/.openclaw/workspace/electricity-system/backend/node_modules/express-rate-limit/dist/index.cjs:397:22)
    at Object.keyGenerator (/root/.openclaw/workspace/electricity-system/backend/node_modules/express-rate-limit/dist/index.cjs:658:20)
    at /root/.openclaw/workspace/electricity-system/backend/node_modules/express-rate-limit/dist/index.cjs:710:32
    at process.processTicksAndRejections (node:internal/process/task_queues:103:5)
    at async /root/.openclaw/workspace/electricity-system/backend/node_modules/express-rate-limit/dist/index.cjs:691:5 {
  code: 'ERR_ERL_UNEXPECTED_X_FORWARDED_FOR',
  help: 'https://express-rate-limit.github.io/ERR_ERL_UNEXPECTED_X_FORWARDED_FOR/'
}
2026-02-19 10:11:08: ValidationError: The 'X-Forwarded-For' header is set but the Express 'trust proxy' setting is false (default). This could indicate a misconfiguration which would prevent express-rate-limit from accurately identifying users. See https://express-rate-limit.github.io/ERR_ERL_UNEXPECTED_X_FORWARDED_FOR/ for more information.
    at Object.xForwardedForHeader (/root/.openclaw/workspace/electricity-system/backend/node_modules/express-rate-limit/dist/index.cjs:185:13)
    at wrappedValidations.<computed> [as xForwardedForHeader] (/root/.openclaw/workspace/electricity-system/backend/node_modules/express-rate-limit/dist/index.cjs:397:22)
    at Object.keyGenerator (/root/.openclaw/workspace/electricity-system/backend/node_modules/express-rate-limit/dist/index.cjs:658:20)
    at /root/.openclaw/workspace/electricity-system/backend/node_modules/express-rate-limit/dist/index.cjs:710:32
    at process.processTicksAndRejections (node:internal/process/task_queues:103:5)
    at async /root/.openclaw/workspace/electricity-system/backend/node_modules/express-rate-limit/dist/index.cjs:691:5 {
  code: 'ERR_ERL_UNEXPECTED_X_FORWARDED_FOR',
  help: 'https://express-rate-limit.github.io/ERR_ERL_UNEXPECTED_X_FORWARDED_FOR/'
}
2026-02-19 10:18:30: ValidationError: The 'X-Forwarded-For' header is set but the Express 'trust proxy' setting is false (default). This could indicate a misconfiguration which would prevent express-rate-limit from accurately identifying users. See https://express-rate-limit.github.io/ERR_ERL_UNEXPECTED_X_FORWARDED_FOR/ for more information.
    at Object.xForwardedForHeader (/root/.openclaw/workspace/electricity-system/backend/node_modules/express-rate-limit/dist/index.cjs:185:13)
    at wrappedValidations.<computed> [as xForwardedForHeader] (/root/.openclaw/workspace/electricity-system/backend/node_modules/express-rate-limit/dist/index.cjs:397:22)
    at Object.keyGenerator (/root/.openclaw/workspace/electricity-system/backend/node_modules/express-rate-limit/dist/index.cjs:658:20)
    at /root/.openclaw/workspace/electricity-system/backend/node_modules/express-rate-limit/dist/index.cjs:710:32
    at process.processTicksAndRejections (node:internal/process/task_queues:103:5)
    at async /root/.openclaw/workspace/electricity-system/backend/node_modules/express-rate-limit/dist/index.cjs:691:5 {
  code: 'ERR_ERL_UNEXPECTED_X_FORWARDED_FOR',
  help: 'https://express-rate-limit.github.io/ERR_ERL_UNEXPECTED_X_FORWARDED_FOR/'
}
2026-02-19 10:27:31: ValidationError: The 'X-Forwarded-For' header is set but the Express 'trust proxy' setting is false (default). This could indicate a misconfiguration which would prevent express-rate-limit from accurately identifying users. See https://express-rate-limit.github.io/ERR_ERL_UNEXPECTED_X_FORWARDED_FOR/ for more information.
    at Object.xForwardedForHeader (/root/.openclaw/workspace/electricity-system/backend/node_modules/express-rate-limit/dist/index.cjs:185:13)
    at wrappedValidations.<computed> [as xForwardedForHeader] (/root/.openclaw/workspace/electricity-system/backend/node_modules/express-rate-limit/dist/index.cjs:397:22)
    at Object.keyGenerator (/root/.openclaw/workspace/electricity-system/backend/node_modules/express-rate-limit/dist/index.cjs:658:20)
    at /root/.openclaw/workspace/electricity-system/backend/node_modules/express-rate-limit/dist/index.cjs:710:32
    at process.processTicksAndRejections (node:internal/process/task_queues:103:5)
    at async /root/.openclaw/workspace/electricity-system/backend/node_modules/express-rate-limit/dist/index.cjs:691:5 {
  code: 'ERR_ERL_UNEXPECTED_X_FORWARDED_FOR',
  help: 'https://express-rate-limit.github.io/ERR_ERL_UNEXPECTED_X_FORWARDED_FOR/'
}
2026-02-19 11:33:52: ValidationError: The 'X-Forwarded-For' header is set but the Express 'trust proxy' setting is false (default). This could indicate a misconfiguration which would prevent express-rate-limit from accurately identifying users. See https://express-rate-limit.github.io/ERR_ERL_UNEXPECTED_X_FORWARDED_FOR/ for more information.
    at Object.xForwardedForHeader (/root/.openclaw/workspace/electricity-system/backend/node_modules/express-rate-limit/dist/index.cjs:185:13)
    at wrappedValidations.<computed> [as xForwardedForHeader] (/root/.openclaw/workspace/electricity-system/backend/node_modules/express-rate-limit/dist/index.cjs:397:22)
    at Object.keyGenerator (/root/.openclaw/workspace/electricity-system/backend/node_modules/express-rate-limit/dist/index.cjs:658:20)
    at /root/.openclaw/workspace/electricity-system/backend/node_modules/express-rate-limit/dist/index.cjs:710:32
    at process.processTicksAndRejections (node:internal/process/task_queues:103:5)
    at async /root/.openclaw/workspace/electricity-system/backend/node_modules/express-rate-limit/dist/index.cjs:691:5 {
  code: 'ERR_ERL_UNEXPECTED_X_FORWARDED_FOR',
  help: 'https://express-rate-limit.github.io/ERR_ERL_UNEXPECTED_X_FORWARDED_FOR/'
}
2026-02-19 15:09:02: ValidationError: The 'X-Forwarded-For' header is set but the Express 'trust proxy' setting is false (default). This could indicate a misconfiguration which would prevent express-rate-limit from accurately identifying users. See https://express-rate-limit.github.io/ERR_ERL_UNEXPECTED_X_FORWARDED_FOR/ for more information.
    at Object.xForwardedForHeader (/root/.openclaw/workspace/electricity-system/backend/node_modules/express-rate-limit/dist/index.cjs:185:13)
    at wrappedValidations.<computed> [as xForwardedForHeader] (/root/.openclaw/workspace/electricity-system/backend/node_modules/express-rate-limit/dist/index.cjs:397:22)
    at Object.keyGenerator (/root/.openclaw/workspace/electricity-system/backend/node_modules/express-rate-limit/dist/index.cjs:658:20)
    at /root/.openclaw/workspace/electricity-system/backend/node_modules/express-rate-limit/dist/index.cjs:710:32
    at process.processTicksAndRejections (node:internal/process/task_queues:103:5)
    at async /root/.openclaw/workspace/electricity-system/backend/node_modules/express-rate-limit/dist/index.cjs:691:5 {
  code: 'ERR_ERL_UNEXPECTED_X_FORWARDED_FOR',
  help: 'https://express-rate-limit.github.io/ERR_ERL_UNEXPECTED_X_FORWARDED_FOR/'
}
2026-02-19 15:57:33: ValidationError: The 'X-Forwarded-For' header is set but the Express 'trust proxy' setting is false (default). This could indicate a misconfiguration which would prevent express-rate-limit from accurately identifying users. See https://express-rate-limit.github.io/ERR_ERL_UNEXPECTED_X_FORWARDED_FOR/ for more information.
    at Object.xForwardedForHeader (/root/.openclaw/workspace/electricity-system/backend/node_modules/express-rate-limit/dist/index.cjs:185:13)
    at wrappedValidations.<computed> [as xForwardedForHeader] (/root/.openclaw/workspace/electricity-system/backend/node_modules/express-rate-limit/dist/index.cjs:397:22)
    at Object.keyGenerator (/root/.openclaw/workspace/electricity-system/backend/node_modules/express-rate-limit/dist/index.cjs:658:20)
    at /root/.openclaw/workspace/electricity-system/backend/node_modules/express-rate-limit/dist/index.cjs:710:32
    at process.processTicksAndRejections (node:internal/process/task_queues:103:5)
    at async /root/.openclaw/workspace/electricity-system/backend/node_modules/express-rate-limit/dist/index.cjs:691:5 {
  code: 'ERR_ERL_UNEXPECTED_X_FORWARDED_FOR',
  help: 'https://express-rate-limit.github.io/ERR_ERL_UNEXPECTED_X_FORWARDED_FOR/'
}
2026-02-19 16:47:27: ValidationError: The 'X-Forwarded-For' header is set but the Express 'trust proxy' setting is false (default). This could indicate a misconfiguration which would prevent express-rate-limit from accurately identifying users. See https://express-rate-limit.github.io/ERR_ERL_UNEXPECTED_X_FORWARDED_FOR/ for more information.
    at Object.xForwardedForHeader (/root/.openclaw/workspace/electricity-system/backend/node_modules/express-rate-limit/dist/index.cjs:185:13)
    at wrappedValidations.<computed> [as xForwardedForHeader] (/root/.openclaw/workspace/electricity-system/backend/node_modules/express-rate-limit/dist/index.cjs:397:22)
    at Object.keyGenerator (/root/.openclaw/workspace/electricity-system/backend/node_modules/express-rate-limit/dist/index.cjs:658:20)
    at /root/.openclaw/workspace/electricity-system/backend/node_modules/express-rate-limit/dist/index.cjs:710:32
    at process.processTicksAndRejections (node:internal/process/task_queues:103:5)
    at async /root/.openclaw/workspace/electricity-system/backend/node_modules/express-rate-limit/dist/index.cjs:691:5 {
  code: 'ERR_ERL_UNEXPECTED_X_FORWARDED_FOR',
  help: 'https://express-rate-limit.github.io/ERR_ERL_UNEXPECTED_X_FORWARDED_FOR/'
}
2026-02-19 16:57:17: ValidationError: The 'X-Forwarded-For' header is set but the Express 'trust proxy' setting is false (default). This could indicate a misconfiguration which would prevent express-rate-limit from accurately identifying users. See https://express-rate-limit.github.io/ERR_ERL_UNEXPECTED_X_FORWARDED_FOR/ for more information.
    at Object.xForwardedForHeader (/root/.openclaw/workspace/electricity-system/backend/node_modules/express-rate-limit/dist/index.cjs:185:13)
    at wrappedValidations.<computed> [as xForwardedForHeader] (/root/.openclaw/workspace/electricity-system/backend/node_modules/express-rate-limit/dist/index.cjs:397:22)
    at Object.keyGenerator (/root/.openclaw/workspace/electricity-system/backend/node_modules/express-rate-limit/dist/index.cjs:658:20)
    at /root/.openclaw/workspace/electricity-system/backend/node_modules/express-rate-limit/dist/index.cjs:710:32
    at process.processTicksAndRejections (node:internal/process/task_queues:103:5)
    at async /root/.openclaw/workspace/electricity-system/backend/node_modules/express-rate-limit/dist/index.cjs:691:5 {
  code: 'ERR_ERL_UNEXPECTED_X_FORWARDED_FOR',
  help: 'https://express-rate-limit.github.io/ERR_ERL_UNEXPECTED_X_FORWARDED_FOR/'
}
2026-02-19 17:17:14: ValidationError: The 'X-Forwarded-For' header is set but the Express 'trust proxy' setting is false (default). This could indicate a misconfiguration which would prevent express-rate-limit from accurately identifying users. See https://express-rate-limit.github.io/ERR_ERL_UNEXPECTED_X_FORWARDED_FOR/ for more information.
    at Object.xForwardedForHeader (/root/.openclaw/workspace/electricity-system/backend/node_modules/express-rate-limit/dist/index.cjs:185:13)
    at wrappedValidations.<computed> [as xForwardedForHeader] (/root/.openclaw/workspace/electricity-system/backend/node_modules/express-rate-limit/dist/index.cjs:397:22)
    at Object.keyGenerator (/root/.openclaw/workspace/electricity-system/backend/node_modules/express-rate-limit/dist/index.cjs:658:20)
    at /root/.openclaw/workspace/electricity-system/backend/node_modules/express-rate-limit/dist/index.cjs:710:32
    at process.processTicksAndRejections (node:internal/process/task_queues:103:5)
    at async /root/.openclaw/workspace/electricity-system/backend/node_modules/express-rate-limit/dist/index.cjs:691:5 {
  code: 'ERR_ERL_UNEXPECTED_X_FORWARDED_FOR',
  help: 'https://express-rate-limit.github.io/ERR_ERL_UNEXPECTED_X_FORWARDED_FOR/'
}
2026-02-19 18:18:58: ValidationError: The 'X-Forwarded-For' header is set but the Express 'trust proxy' setting is false (default). This could indicate a misconfiguration which would prevent express-rate-limit from accurately identifying users. See https://express-rate-limit.github.io/ERR_ERL_UNEXPECTED_X_FORWARDED_FOR/ for more information.
    at Object.xForwardedForHeader (/root/.openclaw/workspace/electricity-system/backend/node_modules/express-rate-limit/dist/index.cjs:185:13)
    at wrappedValidations.<computed> [as xForwardedForHeader] (/root/.openclaw/workspace/electricity-system/backend/node_modules/express-rate-limit/dist/index.cjs:397:22)
    at Object.keyGenerator (/root/.openclaw/workspace/electricity-system/backend/node_modules/express-rate-limit/dist/index.cjs:658:20)
    at /root/.openclaw/workspace/electricity-system/backend/node_modules/express-rate-limit/dist/index.cjs:710:32
    at process.processTicksAndRejections (node:internal/process/task_queues:103:5)
    at async /root/.openclaw/workspace/electricity-system/backend/node_modules/express-rate-limit/dist/index.cjs:691:5 {
  code: 'ERR_ERL_UNEXPECTED_X_FORWARDED_FOR',
  help: 'https://express-rate-limit.github.io/ERR_ERL_UNEXPECTED_X_FORWARDED_FOR/'
}
2026-02-19 23:10:37: ValidationError: The 'X-Forwarded-For' header is set but the Express 'trust proxy' setting is false (default). This could indicate a misconfiguration which would prevent express-rate-limit from accurately identifying users. See https://express-rate-limit.github.io/ERR_ERL_UNEXPECTED_X_FORWARDED_FOR/ for more information.
    at Object.xForwardedForHeader (/root/.openclaw/workspace/electricity-system/backend/node_modules/express-rate-limit/dist/index.cjs:185:13)
    at wrappedValidations.<computed> [as xForwardedForHeader] (/root/.openclaw/workspace/electricity-system/backend/node_modules/express-rate-limit/dist/index.cjs:397:22)
    at Object.keyGenerator (/root/.openclaw/workspace/electricity-system/backend/node_modules/express-rate-limit/dist/index.cjs:658:20)
    at /root/.openclaw/workspace/electricity-system/backend/node_modules/express-rate-limit/dist/index.cjs:710:32
    at process.processTicksAndRejections (node:internal/process/task_queues:103:5)
    at async /root/.openclaw/workspace/electricity-system/backend/node_modules/express-rate-limit/dist/index.cjs:691:5 {
  code: 'ERR_ERL_UNEXPECTED_X_FORWARDED_FOR',
  help: 'https://express-rate-limit.github.io/ERR_ERL_UNEXPECTED_X_FORWARDED_FOR/'
}
2026-02-20 15:12:58: ValidationError: The 'X-Forwarded-For' header is set but the Express 'trust proxy' setting is false (default). This could indicate a misconfiguration which would prevent express-rate-limit from accurately identifying users. See https://express-rate-limit.github.io/ERR_ERL_UNEXPECTED_X_FORWARDED_FOR/ for more information.
    at Object.xForwardedForHeader (/root/.openclaw/workspace/electricity-system/backend/node_modules/express-rate-limit/dist/index.cjs:185:13)
    at wrappedValidations.<computed> [as xForwardedForHeader] (/root/.openclaw/workspace/electricity-system/backend/node_modules/express-rate-limit/dist/index.cjs:397:22)
    at Object.keyGenerator (/root/.openclaw/workspace/electricity-system/backend/node_modules/express-rate-limit/dist/index.cjs:658:20)
    at /root/.openclaw/workspace/electricity-system/backend/node_modules/express-rate-limit/dist/index.cjs:710:32
    at process.processTicksAndRejections (node:internal/process/task_queues:103:5)
    at async /root/.openclaw/workspace/electricity-system/backend/node_modules/express-rate-limit/dist/index.cjs:691:5 {
  code: 'ERR_ERL_UNEXPECTED_X_FORWARDED_FOR',
  help: 'https://express-rate-limit.github.io/ERR_ERL_UNEXPECTED_X_FORWARDED_FOR/'
}
2026-02-21 13:38:51: ValidationError: The 'X-Forwarded-For' header is set but the Express 'trust proxy' setting is false (default). This could indicate a misconfiguration which would prevent express-rate-limit from accurately identifying users. See https://express-rate-limit.github.io/ERR_ERL_UNEXPECTED_X_FORWARDED_FOR/ for more information.
    at Object.xForwardedForHeader (/root/.openclaw/workspace/electricity-system/backend/node_modules/express-rate-limit/dist/index.cjs:185:13)
    at wrappedValidations.<computed> [as xForwardedForHeader] (/root/.openclaw/workspace/electricity-system/backend/node_modules/express-rate-limit/dist/index.cjs:397:22)
    at Object.keyGenerator (/root/.openclaw/workspace/electricity-system/backend/node_modules/express-rate-limit/dist/index.cjs:658:20)
    at /root/.openclaw/workspace/electricity-system/backend/node_modules/express-rate-limit/dist/index.cjs:710:32
    at process.processTicksAndRejections (node:internal/process/task_queues:103:5)
    at async /root/.openclaw/workspace/electricity-system/backend/node_modules/express-rate-limit/dist/index.cjs:691:5 {
  code: 'ERR_ERL_UNEXPECTED_X_FORWARDED_FOR',
  help: 'https://express-rate-limit.github.io/ERR_ERL_UNEXPECTED_X_FORWARDED_FOR/'
}
2026-02-21 14:20:24: ValidationError: The 'X-Forwarded-For' header is set but the Express 'trust proxy' setting is false (default). This could indicate a misconfiguration which would prevent express-rate-limit from accurately identifying users. See https://express-rate-limit.github.io/ERR_ERL_UNEXPECTED_X_FORWARDED_FOR/ for more information.
    at Object.xForwardedForHeader (/root/.openclaw/workspace/electricity-system/backend/node_modules/express-rate-limit/dist/index.cjs:185:13)
    at wrappedValidations.<computed> [as xForwardedForHeader] (/root/.openclaw/workspace/electricity-system/backend/node_modules/express-rate-limit/dist/index.cjs:397:22)
    at Object.keyGenerator (/root/.openclaw/workspace/electricity-system/backend/node_modules/express-rate-limit/dist/index.cjs:658:20)
    at /root/.openclaw/workspace/electricity-system/backend/node_modules/express-rate-limit/dist/index.cjs:710:32
    at process.processTicksAndRejections (node:internal/process/task_queues:103:5)
    at async /root/.openclaw/workspace/electricity-system/backend/node_modules/express-rate-limit/dist/index.cjs:691:5 {
  code: 'ERR_ERL_UNEXPECTED_X_FORWARDED_FOR',
  help: 'https://express-rate-limit.github.io/ERR_ERL_UNEXPECTED_X_FORWARDED_FOR/'
}
2026-02-21 21:01:47: ValidationError: The 'X-Forwarded-For' header is set but the Express 'trust proxy' setting is false (default). This could indicate a misconfiguration which would prevent express-rate-limit from accurately identifying users. See https://express-rate-limit.github.io/ERR_ERL_UNEXPECTED_X_FORWARDED_FOR/ for more information.
    at Object.xForwardedForHeader (/root/.openclaw/workspace/electricity-system/backend/node_modules/express-rate-limit/dist/index.cjs:185:13)
    at wrappedValidations.<computed> [as xForwardedForHeader] (/root/.openclaw/workspace/electricity-system/backend/node_modules/express-rate-limit/dist/index.cjs:397:22)
    at Object.keyGenerator (/root/.openclaw/workspace/electricity-system/backend/node_modules/express-rate-limit/dist/index.cjs:658:20)
    at /root/.openclaw/workspace/electricity-system/backend/node_modules/express-rate-limit/dist/index.cjs:710:32
    at process.processTicksAndRejections (node:internal/process/task_queues:103:5)
    at async /root/.openclaw/workspace/electricity-system/backend/node_modules/express-rate-limit/dist/index.cjs:691:5 {
  code: 'ERR_ERL_UNEXPECTED_X_FORWARDED_FOR',
  help: 'https://express-rate-limit.github.io/ERR_ERL_UNEXPECTED_X_FORWARDED_FOR/'
}
2026-02-21 23:56:15: ValidationError: The 'X-Forwarded-For' header is set but the Express 'trust proxy' setting is false (default). This could indicate a misconfiguration which would prevent express-rate-limit from accurately identifying users. See https://express-rate-limit.github.io/ERR_ERL_UNEXPECTED_X_FORWARDED_FOR/ for more information.
    at Object.xForwardedForHeader (/root/.openclaw/workspace/electricity-system/backend/node_modules/express-rate-limit/dist/index.cjs:185:13)
    at wrappedValidations.<computed> [as xForwardedForHeader] (/root/.openclaw/workspace/electricity-system/backend/node_modules/express-rate-limit/dist/index.cjs:397:22)
    at Object.keyGenerator (/root/.openclaw/workspace/electricity-system/backend/node_modules/express-rate-limit/dist/index.cjs:658:20)
    at /root/.openclaw/workspace/electricity-system/backend/node_modules/express-rate-limit/dist/index.cjs:710:32
    at process.processTicksAndRejections (node:internal/process/task_queues:103:5)
    at async /root/.openclaw/workspace/electricity-system/backend/node_modules/express-rate-limit/dist/index.cjs:691:5 {
  code: 'ERR_ERL_UNEXPECTED_X_FORWARDED_FOR',
  help: 'https://express-rate-limit.github.io/ERR_ERL_UNEXPECTED_X_FORWARDED_FOR/'
}
2026-02-22 09:25:51: ValidationError: The 'X-Forwarded-For' header is set but the Express 'trust proxy' setting is false (default). This could indicate a misconfiguration which would prevent express-rate-limit from accurately identifying users. See https://express-rate-limit.github.io/ERR_ERL_UNEXPECTED_X_FORWARDED_FOR/ for more information.
    at Object.xForwardedForHeader (/root/.openclaw/workspace/electricity-system/backend/node_modules/express-rate-limit/dist/index.cjs:185:13)
    at wrappedValidations.<computed> [as xForwardedForHeader] (/root/.openclaw/workspace/electricity-system/backend/node_modules/express-rate-limit/dist/index.cjs:397:22)
    at Object.keyGenerator (/root/.openclaw/workspace/electricity-system/backend/node_modules/express-rate-limit/dist/index.cjs:658:20)
    at /root/.openclaw/workspace/electricity-system/backend/node_modules/express-rate-limit/dist/index.cjs:710:32
    at process.processTicksAndRejections (node:internal/process/task_queues:103:5)
    at async /root/.openclaw/workspace/electricity-system/backend/node_modules/express-rate-limit/dist/index.cjs:691:5 {
  code: 'ERR_ERL_UNEXPECTED_X_FORWARDED_FOR',
  help: 'https://express-rate-limit.github.io/ERR_ERL_UNEXPECTED_X_FORWARDED_FOR/'
}
2026-02-22 14:43:46: ValidationError: The 'X-Forwarded-For' header is set but the Express 'trust proxy' setting is false (default). This could indicate a misconfiguration which would prevent express-rate-limit from accurately identifying users. See https://express-rate-limit.github.io/ERR_ERL_UNEXPECTED_X_FORWARDED_FOR/ for more information.
    at Object.xForwardedForHeader (/root/.openclaw/workspace/electricity-system/backend/node_modules/express-rate-limit/dist/index.cjs:185:13)
    at wrappedValidations.<computed> [as xForwardedForHeader] (/root/.openclaw/workspace/electricity-system/backend/node_modules/express-rate-limit/dist/index.cjs:397:22)
    at Object.keyGenerator (/root/.openclaw/workspace/electricity-system/backend/node_modules/express-rate-limit/dist/index.cjs:658:20)
    at /root/.openclaw/workspace/electricity-system/backend/node_modules/express-rate-limit/dist/index.cjs:710:32
    at process.processTicksAndRejections (node:internal/process/task_queues:103:5)
    at async /root/.openclaw/workspace/electricity-system/backend/node_modules/express-rate-limit/dist/index.cjs:691:5 {
  code: 'ERR_ERL_UNEXPECTED_X_FORWARDED_FOR',
  help: 'https://express-rate-limit.github.io/ERR_ERL_UNEXPECTED_X_FORWARDED_FOR/'
}
2026-02-22 14:51:12: ValidationError: The 'X-Forwarded-For' header is set but the Express 'trust proxy' setting is false (default). This could indicate a misconfiguration which would prevent express-rate-limit from accurately identifying users. See https://express-rate-limit.github.io/ERR_ERL_UNEXPECTED_X_FORWARDED_FOR/ for more information.
    at Object.xForwardedForHeader (/root/.openclaw/workspace/electricity-system/backend/node_modules/express-rate-limit/dist/index.cjs:185:13)
    at wrappedValidations.<computed> [as xForwardedForHeader] (/root/.openclaw/workspace/electricity-system/backend/node_modules/express-rate-limit/dist/index.cjs:397:22)
    at Object.keyGenerator (/root/.openclaw/workspace/electricity-system/backend/node_modules/express-rate-limit/dist/index.cjs:658:20)
    at /root/.openclaw/workspace/electricity-system/backend/node_modules/express-rate-limit/dist/index.cjs:710:32
    at process.processTicksAndRejections (node:internal/process/task_queues:103:5)
    at async /root/.openclaw/workspace/electricity-system/backend/node_modules/express-rate-limit/dist/index.cjs:691:5 {
  code: 'ERR_ERL_UNEXPECTED_X_FORWARDED_FOR',
  help: 'https://express-rate-limit.github.io/ERR_ERL_UNEXPECTED_X_FORWARDED_FOR/'
}
2026-02-22 15:56:19: ValidationError: The 'X-Forwarded-For' header is set but the Express 'trust proxy' setting is false (default). This could indicate a misconfiguration which would prevent express-rate-limit from accurately identifying users. See https://express-rate-limit.github.io/ERR_ERL_UNEXPECTED_X_FORWARDED_FOR/ for more information.
    at Object.xForwardedForHeader (/root/.openclaw/workspace/electricity-system/backend/node_modules/express-rate-limit/dist/index.cjs:185:13)
    at wrappedValidations.<computed> [as xForwardedForHeader] (/root/.openclaw/workspace/electricity-system/backend/node_modules/express-rate-limit/dist/index.cjs:397:22)
    at Object.keyGenerator (/root/.openclaw/workspace/electricity-system/backend/node_modules/express-rate-limit/dist/index.cjs:658:20)
    at /root/.openclaw/workspace/electricity-system/backend/node_modules/express-rate-limit/dist/index.cjs:710:32
    at process.processTicksAndRejections (node:internal/process/task_queues:103:5)
    at async /root/.openclaw/workspace/electricity-system/backend/node_modules/express-rate-limit/dist/index.cjs:691:5 {
  code: 'ERR_ERL_UNEXPECTED_X_FORWARDED_FOR',
  help: 'https://express-rate-limit.github.io/ERR_ERL_UNEXPECTED_X_FORWARDED_FOR/'
}
2026-02-23 01:59:21: ValidationError: The 'X-Forwarded-For' header is set but the Express 'trust proxy' setting is false (default). This could indicate a misconfiguration which would prevent express-rate-limit from accurately identifying users. See https://express-rate-limit.github.io/ERR_ERL_UNEXPECTED_X_FORWARDED_FOR/ for more information.
    at Object.xForwardedForHeader (/root/.openclaw/workspace/electricity-system/backend/node_modules/express-rate-limit/dist/index.cjs:185:13)
    at wrappedValidations.<computed> [as xForwardedForHeader] (/root/.openclaw/workspace/electricity-system/backend/node_modules/express-rate-limit/dist/index.cjs:397:22)
    at Object.keyGenerator (/root/.openclaw/workspace/electricity-system/backend/node_modules/express-rate-limit/dist/index.cjs:658:20)
    at /root/.openclaw/workspace/electricity-system/backend/node_modules/express-rate-limit/dist/index.cjs:710:32
    at process.processTicksAndRejections (node:internal/process/task_queues:103:5)
    at async /root/.openclaw/workspace/electricity-system/backend/node_modules/express-rate-limit/dist/index.cjs:691:5 {
  code: 'ERR_ERL_UNEXPECTED_X_FORWARDED_FOR',
  help: 'https://express-rate-limit.github.io/ERR_ERL_UNEXPECTED_X_FORWARDED_FOR/'
}
2026-02-26 00:18:45: ValidationError: The 'X-Forwarded-For' header is set but the Express 'trust proxy' setting is false (default). This could indicate a misconfiguration which would prevent express-rate-limit from accurately identifying users. See https://express-rate-limit.github.io/ERR_ERL_UNEXPECTED_X_FORWARDED_FOR/ for more information.
    at Object.xForwardedForHeader (/root/.openclaw/workspace/electricity-system/backend/node_modules/express-rate-limit/dist/index.cjs:185:13)
    at wrappedValidations.<computed> [as xForwardedForHeader] (/root/.openclaw/workspace/electricity-system/backend/node_modules/express-rate-limit/dist/index.cjs:397:22)
    at Object.keyGenerator (/root/.openclaw/workspace/electricity-system/backend/node_modules/express-rate-limit/dist/index.cjs:658:20)
    at /root/.openclaw/workspace/electricity-system/backend/node_modules/express-rate-limit/dist/index.cjs:710:32
    at process.processTicksAndRejections (node:internal/process/task_queues:103:5)
    at async /root/.openclaw/workspace/electricity-system/backend/node_modules/express-rate-limit/dist/index.cjs:691:5 {
  code: 'ERR_ERL_UNEXPECTED_X_FORWARDED_FOR',
  help: 'https://express-rate-limit.github.io/ERR_ERL_UNEXPECTED_X_FORWARDED_FOR/'
}
2026-02-26 00:35:23: ValidationError: The 'X-Forwarded-For' header is set but the Express 'trust proxy' setting is false (default). This could indicate a misconfiguration which would prevent express-rate-limit from accurately identifying users. See https://express-rate-limit.github.io/ERR_ERL_UNEXPECTED_X_FORWARDED_FOR/ for more information.
    at Object.xForwardedForHeader (/root/.openclaw/workspace/electricity-system/backend/node_modules/express-rate-limit/dist/index.cjs:185:13)
    at wrappedValidations.<computed> [as xForwardedForHeader] (/root/.openclaw/workspace/electricity-system/backend/node_modules/express-rate-limit/dist/index.cjs:397:22)
    at Object.keyGenerator (/root/.openclaw/workspace/electricity-system/backend/node_modules/express-rate-limit/dist/index.cjs:658:20)
    at /root/.openclaw/workspace/electricity-system/backend/node_modules/express-rate-limit/dist/index.cjs:710:32
    at process.processTicksAndRejections (node:internal/process/task_queues:103:5)
    at async /root/.openclaw/workspace/electricity-system/backend/node_modules/express-rate-limit/dist/index.cjs:691:5 {
  code: 'ERR_ERL_UNEXPECTED_X_FORWARDED_FOR',
  help: 'https://express-rate-limit.github.io/ERR_ERL_UNEXPECTED_X_FORWARDED_FOR/'
}
2026-02-26 14:26:55: ValidationError: The 'X-Forwarded-For' header is set but the Express 'trust proxy' setting is false (default). This could indicate a misconfiguration which would prevent express-rate-limit from accurately identifying users. See https://express-rate-limit.github.io/ERR_ERL_UNEXPECTED_X_FORWARDED_FOR/ for more information.
    at Object.xForwardedForHeader (/root/.openclaw/workspace/electricity-system/backend/node_modules/express-rate-limit/dist/index.cjs:185:13)
    at wrappedValidations.<computed> [as xForwardedForHeader] (/root/.openclaw/workspace/electricity-system/backend/node_modules/express-rate-limit/dist/index.cjs:397:22)
    at Object.keyGenerator (/root/.openclaw/workspace/electricity-system/backend/node_modules/express-rate-limit/dist/index.cjs:658:20)
    at /root/.openclaw/workspace/electricity-system/backend/node_modules/express-rate-limit/dist/index.cjs:710:32
    at async /root/.openclaw/workspace/electricity-system/backend/node_modules/express-rate-limit/dist/index.cjs:691:5 {
  code: 'ERR_ERL_UNEXPECTED_X_FORWARDED_FOR',
  help: 'https://express-rate-limit.github.io/ERR_ERL_UNEXPECTED_X_FORWARDED_FOR/'
}
2026-02-26 16:50:58: 邮件发送失败: Error: Invalid login: 535 Login fail. Account is abnormal, service is not open, password is incorrect, login frequency limited, or system is busy. More information at https://help.mail.qq.com/detail/108/1023
    at SMTPConnection._formatError (/root/.openclaw/workspace/node_modules/nodemailer/lib/smtp-connection/index.js:912:19)
    at SMTPConnection._actionAUTHComplete (/root/.openclaw/workspace/node_modules/nodemailer/lib/smtp-connection/index.js:1722:34)
    at SMTPConnection.<anonymous> (/root/.openclaw/workspace/node_modules/nodemailer/lib/smtp-connection/index.js:651:26)
    at SMTPConnection._processResponse (/root/.openclaw/workspace/node_modules/nodemailer/lib/smtp-connection/index.js:1098:20)
    at SMTPConnection._onData (/root/.openclaw/workspace/node_modules/nodemailer/lib/smtp-connection/index.js:872:14)
    at SMTPConnection._onSocketData (/root/.openclaw/workspace/node_modules/nodemailer/lib/smtp-connection/index.js:196:44)
    at TLSSocket.emit (node:events:508:28)
    at addChunk (node:internal/streams/readable:559:12)
    at readableAddChunkPushByteMode (node:internal/streams/readable:510:3)
    at Readable.push (node:internal/streams/readable:390:5) {
  code: 'EAUTH',
  response: '535 Login fail. Account is abnormal, service is not open, password is incorrect, login frequency limited, or system is busy. More information at https://help.mail.qq.com/detail/108/1023',
  responseCode: 535,
  command: 'AUTH PLAIN'
}
2026-02-26 16:51:29: 邮件发送失败: Error: Invalid login: 535 Login fail. Account is abnormal, service is not open, password is incorrect, login frequency limited, or system is busy. More information at https://help.mail.qq.com/detail/108/1023
    at SMTPConnection._formatError (/root/.openclaw/workspace/node_modules/nodemailer/lib/smtp-connection/index.js:912:19)
    at SMTPConnection._actionAUTHComplete (/root/.openclaw/workspace/node_modules/nodemailer/lib/smtp-connection/index.js:1722:34)
    at SMTPConnection.<anonymous> (/root/.openclaw/workspace/node_modules/nodemailer/lib/smtp-connection/index.js:651:26)
    at SMTPConnection._processResponse (/root/.openclaw/workspace/node_modules/nodemailer/lib/smtp-connection/index.js:1098:20)
    at SMTPConnection._onData (/root/.openclaw/workspace/node_modules/nodemailer/lib/smtp-connection/index.js:872:14)
    at SMTPConnection._onSocketData (/root/.openclaw/workspace/node_modules/nodemailer/lib/smtp-connection/index.js:196:44)
    at TLSSocket.emit (node:events:508:28)
    at addChunk (node:internal/streams/readable:559:12)
    at readableAddChunkPushByteMode (node:internal/streams/readable:510:3)
    at Readable.push (node:internal/streams/readable:390:5) {
  code: 'EAUTH',
  response: '535 Login fail. Account is abnormal, service is not open, password is incorrect, login frequency limited, or system is busy. More information at https://help.mail.qq.com/detail/108/1023',
  responseCode: 535,
  command: 'AUTH PLAIN'
}
2026-02-26 18:15:33: ValidationError: The 'X-Forwarded-For' header is set but the Express 'trust proxy' setting is false (default). This could indicate a misconfiguration which would prevent express-rate-limit from accurately identifying users. See https://express-rate-limit.github.io/ERR_ERL_UNEXPECTED_X_FORWARDED_FOR/ for more information.
    at Object.xForwardedForHeader (/root/.openclaw/workspace/electricity-system/backend/node_modules/express-rate-limit/dist/index.cjs:185:13)
    at wrappedValidations.<computed> [as xForwardedForHeader] (/root/.openclaw/workspace/electricity-system/backend/node_modules/express-rate-limit/dist/index.cjs:397:22)
    at Object.keyGenerator (/root/.openclaw/workspace/electricity-system/backend/node_modules/express-rate-limit/dist/index.cjs:658:20)
    at /root/.openclaw/workspace/electricity-system/backend/node_modules/express-rate-limit/dist/index.cjs:710:32
    at process.processTicksAndRejections (node:internal/process/task_queues:103:5)
    at async /root/.openclaw/workspace/electricity-system/backend/node_modules/express-rate-limit/dist/index.cjs:691:5 {
  code: 'ERR_ERL_UNEXPECTED_X_FORWARDED_FOR',
  help: 'https://express-rate-limit.github.io/ERR_ERL_UNEXPECTED_X_FORWARDED_FOR/'
}
2026-02-26 21:59:55: ValidationError: The 'X-Forwarded-For' header is set but the Express 'trust proxy' setting is false (default). This could indicate a misconfiguration which would prevent express-rate-limit from accurately identifying users. See https://express-rate-limit.github.io/ERR_ERL_UNEXPECTED_X_FORWARDED_FOR/ for more information.
    at Object.xForwardedForHeader (/root/.openclaw/workspace/electricity-system/backend/node_modules/express-rate-limit/dist/index.cjs:185:13)
    at wrappedValidations.<computed> [as xForwardedForHeader] (/root/.openclaw/workspace/electricity-system/backend/node_modules/express-rate-limit/dist/index.cjs:397:22)
    at Object.keyGenerator (/root/.openclaw/workspace/electricity-system/backend/node_modules/express-rate-limit/dist/index.cjs:658:20)
    at /root/.openclaw/workspace/electricity-system/backend/node_modules/express-rate-limit/dist/index.cjs:710:32
    at async /root/.openclaw/workspace/electricity-system/backend/node_modules/express-rate-limit/dist/index.cjs:691:5 {
  code: 'ERR_ERL_UNEXPECTED_X_FORWARDED_FOR',
  help: 'https://express-rate-limit.github.io/ERR_ERL_UNEXPECTED_X_FORWARDED_FOR/'
}
2026-02-26 22:17:39: ValidationError: The 'X-Forwarded-For' header is set but the Express 'trust proxy' setting is false (default). This could indicate a misconfiguration which would prevent express-rate-limit from accurately identifying users. See https://express-rate-limit.github.io/ERR_ERL_UNEXPECTED_X_FORWARDED_FOR/ for more information.
    at Object.xForwardedForHeader (/root/.openclaw/workspace/electricity-system/backend/node_modules/express-rate-limit/dist/index.cjs:185:13)
    at wrappedValidations.<computed> [as xForwardedForHeader] (/root/.openclaw/workspace/electricity-system/backend/node_modules/express-rate-limit/dist/index.cjs:397:22)
    at Object.keyGenerator (/root/.openclaw/workspace/electricity-system/backend/node_modules/express-rate-limit/dist/index.cjs:658:20)
    at /root/.openclaw/workspace/electricity-system/backend/node_modules/express-rate-limit/dist/index.cjs:710:32
    at process.processTicksAndRejections (node:internal/process/task_queues:103:5)
    at async /root/.openclaw/workspace/electricity-system/backend/node_modules/express-rate-limit/dist/index.cjs:691:5 {
  code: 'ERR_ERL_UNEXPECTED_X_FORWARDED_FOR',
  help: 'https://express-rate-limit.github.io/ERR_ERL_UNEXPECTED_X_FORWARDED_FOR/'
}
2026-02-26 23:14:42: ValidationError: The 'X-Forwarded-For' header is set but the Express 'trust proxy' setting is false (default). This could indicate a misconfiguration which would prevent express-rate-limit from accurately identifying users. See https://express-rate-limit.github.io/ERR_ERL_UNEXPECTED_X_FORWARDED_FOR/ for more information.
    at Object.xForwardedForHeader (/root/.openclaw/workspace/electricity-system/backend/node_modules/express-rate-limit/dist/index.cjs:185:13)
    at wrappedValidations.<computed> [as xForwardedForHeader] (/root/.openclaw/workspace/electricity-system/backend/node_modules/express-rate-limit/dist/index.cjs:397:22)
    at Object.keyGenerator (/root/.openclaw/workspace/electricity-system/backend/node_modules/express-rate-limit/dist/index.cjs:658:20)
    at /root/.openclaw/workspace/electricity-system/backend/node_modules/express-rate-limit/dist/index.cjs:710:32
    at async /root/.openclaw/workspace/electricity-system/backend/node_modules/express-rate-limit/dist/index.cjs:691:5 {
  code: 'ERR_ERL_UNEXPECTED_X_FORWARDED_FOR',
  help: 'https://express-rate-limit.github.io/ERR_ERL_UNEXPECTED_X_FORWARDED_FOR/'
}
2026-03-02 18:38:46: 检查更新失败: Error: ENOENT: no such file or directory, open '/root/.openclaw/workspace/electricity-system/public/update.json'
    at Object.readFileSync (node:fs:439:20)
    at /root/.openclaw/workspace/electricity-system/backend/routes/update.js:17:40
    at Layer.handle [as handle_request] (/root/.openclaw/workspace/electricity-system/backend/node_modules/express/lib/router/layer.js:95:5)
    at next (/root/.openclaw/workspace/electricity-system/backend/node_modules/express/lib/router/route.js:149:13)
    at Route.dispatch (/root/.openclaw/workspace/electricity-system/backend/node_modules/express/lib/router/route.js:119:3)
    at Layer.handle [as handle_request] (/root/.openclaw/workspace/electricity-system/backend/node_modules/express/lib/router/layer.js:95:5)
    at /root/.openclaw/workspace/electricity-system/backend/node_modules/express/lib/router/index.js:284:15
    at router.process_params (/root/.openclaw/workspace/electricity-system/backend/node_modules/express/lib/router/index.js:346:12)
    at next (/root/.openclaw/workspace/electricity-system/backend/node_modules/express/lib/router/index.js:280:10)
    at router.handle (/root/.openclaw/workspace/electricity-system/backend/node_modules/express/lib/router/index.js:175:3) {
  errno: -2,
  code: 'ENOENT',
  syscall: 'open',
  path: '/root/.openclaw/workspace/electricity-system/public/update.json'
}
2026-03-02 18:39:14: 检查更新失败: Error: ENOENT: no such file or directory, open '/root/.openclaw/workspace/electricity-system/public/update.json'
    at Object.readFileSync (node:fs:439:20)
    at /root/.openclaw/workspace/electricity-system/backend/routes/update.js:17:40
    at Layer.handle [as handle_request] (/root/.openclaw/workspace/electricity-system/backend/node_modules/express/lib/router/layer.js:95:5)
    at next (/root/.openclaw/workspace/electricity-system/backend/node_modules/express/lib/router/route.js:149:13)
    at Route.dispatch (/root/.openclaw/workspace/electricity-system/backend/node_modules/express/lib/router/route.js:119:3)
    at Layer.handle [as handle_request] (/root/.openclaw/workspace/electricity-system/backend/node_modules/express/lib/router/layer.js:95:5)
    at /root/.openclaw/workspace/electricity-system/backend/node_modules/express/lib/router/index.js:284:15
    at router.process_params (/root/.openclaw/workspace/electricity-system/backend/node_modules/express/lib/router/index.js:346:12)
    at next (/root/.openclaw/workspace/electricity-system/backend/node_modules/express/lib/router/index.js:280:10)
    at router.handle (/root/.openclaw/workspace/electricity-system/backend/node_modules/express/lib/router/index.js:175:3) {
  errno: -2,
  code: 'ENOENT',
  syscall: 'open',
  path: '/root/.openclaw/workspace/electricity-system/public/update.json'
}
2026-03-02 18:39:21: 检查更新失败: Error: ENOENT: no such file or directory, open '/root/.openclaw/workspace/electricity-system/public/update.json'
    at Object.readFileSync (node:fs:439:20)
    at /root/.openclaw/workspace/electricity-system/backend/routes/update.js:17:40
    at Layer.handle [as handle_request] (/root/.openclaw/workspace/electricity-system/backend/node_modules/express/lib/router/layer.js:95:5)
    at next (/root/.openclaw/workspace/electricity-system/backend/node_modules/express/lib/router/route.js:149:13)
    at Route.dispatch (/root/.openclaw/workspace/electricity-system/backend/node_modules/express/lib/router/route.js:119:3)
    at Layer.handle [as handle_request] (/root/.openclaw/workspace/electricity-system/backend/node_modules/express/lib/router/layer.js:95:5)
    at /root/.openclaw/workspace/electricity-system/backend/node_modules/express/lib/router/index.js:284:15
    at router.process_params (/root/.openclaw/workspace/electricity-system/backend/node_modules/express/lib/router/index.js:346:12)
    at next (/root/.openclaw/workspace/electricity-system/backend/node_modules/express/lib/router/index.js:280:10)
    at router.handle (/root/.openclaw/workspace/electricity-system/backend/node_modules/express/lib/router/index.js:175:3) {
  errno: -2,
  code: 'ENOENT',
  syscall: 'open',
  path: '/root/.openclaw/workspace/electricity-system/public/update.json'
}
2026-03-02 22:05:16: 检查更新失败: Error: ENOENT: no such file or directory, open '/root/.openclaw/workspace/electricity-system/public/update.json'
    at Object.readFileSync (node:fs:439:20)
    at /root/.openclaw/workspace/electricity-system/backend/routes/update.js:17:40
    at Layer.handle [as handle_request] (/root/.openclaw/workspace/electricity-system/backend/node_modules/express/lib/router/layer.js:95:5)
    at next (/root/.openclaw/workspace/electricity-system/backend/node_modules/express/lib/router/route.js:149:13)
    at Route.dispatch (/root/.openclaw/workspace/electricity-system/backend/node_modules/express/lib/router/route.js:119:3)
    at Layer.handle [as handle_request] (/root/.openclaw/workspace/electricity-system/backend/node_modules/express/lib/router/layer.js:95:5)
    at /root/.openclaw/workspace/electricity-system/backend/node_modules/express/lib/router/index.js:284:15
    at router.process_params (/root/.openclaw/workspace/electricity-system/backend/node_modules/express/lib/router/index.js:346:12)
    at next (/root/.openclaw/workspace/electricity-system/backend/node_modules/express/lib/router/index.js:280:10)
    at router.handle (/root/.openclaw/workspace/electricity-system/backend/node_modules/express/lib/router/index.js:175:3) {
  errno: -2,
  code: 'ENOENT',
  syscall: 'open',
  path: '/root/.openclaw/workspace/electricity-system/public/update.json'
}
2026-03-02 22:05:45: 检查更新失败: Error: ENOENT: no such file or directory, open '/root/.openclaw/workspace/electricity-system/public/update.json'
    at Object.readFileSync (node:fs:439:20)
    at /root/.openclaw/workspace/electricity-system/backend/routes/update.js:17:40
    at Layer.handle [as handle_request] (/root/.openclaw/workspace/electricity-system/backend/node_modules/express/lib/router/layer.js:95:5)
    at next (/root/.openclaw/workspace/electricity-system/backend/node_modules/express/lib/router/route.js:149:13)
    at Route.dispatch (/root/.openclaw/workspace/electricity-system/backend/node_modules/express/lib/router/route.js:119:3)
    at Layer.handle [as handle_request] (/root/.openclaw/workspace/electricity-system/backend/node_modules/express/lib/router/layer.js:95:5)
    at /root/.openclaw/workspace/electricity-system/backend/node_modules/express/lib/router/index.js:284:15
    at router.process_params (/root/.openclaw/workspace/electricity-system/backend/node_modules/express/lib/router/index.js:346:12)
    at next (/root/.openclaw/workspace/electricity-system/backend/node_modules/express/lib/router/index.js:280:10)
    at router.handle (/root/.openclaw/workspace/electricity-system/backend/node_modules/express/lib/router/index.js:175:3) {
  errno: -2,
  code: 'ENOENT',
  syscall: 'open',
  path: '/root/.openclaw/workspace/electricity-system/public/update.json'
}
2026-03-02 22:05:50: 检查更新失败: Error: ENOENT: no such file or directory, open '/root/.openclaw/workspace/electricity-system/public/update.json'
    at Object.readFileSync (node:fs:439:20)
    at /root/.openclaw/workspace/electricity-system/backend/routes/update.js:17:40
    at Layer.handle [as handle_request] (/root/.openclaw/workspace/electricity-system/backend/node_modules/express/lib/router/layer.js:95:5)
    at next (/root/.openclaw/workspace/electricity-system/backend/node_modules/express/lib/router/route.js:149:13)
    at Route.dispatch (/root/.openclaw/workspace/electricity-system/backend/node_modules/express/lib/router/route.js:119:3)
    at Layer.handle [as handle_request] (/root/.openclaw/workspace/electricity-system/backend/node_modules/express/lib/router/layer.js:95:5)
    at /root/.openclaw/workspace/electricity-system/backend/node_modules/express/lib/router/index.js:284:15
    at router.process_params (/root/.openclaw/workspace/electricity-system/backend/node_modules/express/lib/router/index.js:346:12)
    at next (/root/.openclaw/workspace/electricity-system/backend/node_modules/express/lib/router/index.js:280:10)
    at router.handle (/root/.openclaw/workspace/electricity-system/backend/node_modules/express/lib/router/index.js:175:3) {
  errno: -2,
  code: 'ENOENT',
  syscall: 'open',
  path: '/root/.openclaw/workspace/electricity-system/public/update.json'
}
2026-03-02 23:15:32: 检查更新失败: Error: ENOENT: no such file or directory, open '/root/.openclaw/workspace/electricity-system/public/update.json'
    at Object.readFileSync (node:fs:439:20)
    at /root/.openclaw/workspace/electricity-system/backend/routes/update.js:17:40
    at Layer.handle [as handle_request] (/root/.openclaw/workspace/electricity-system/backend/node_modules/express/lib/router/layer.js:95:5)
    at next (/root/.openclaw/workspace/electricity-system/backend/node_modules/express/lib/router/route.js:149:13)
    at Route.dispatch (/root/.openclaw/workspace/electricity-system/backend/node_modules/express/lib/router/route.js:119:3)
    at Layer.handle [as handle_request] (/root/.openclaw/workspace/electricity-system/backend/node_modules/express/lib/router/layer.js:95:5)
    at /root/.openclaw/workspace/electricity-system/backend/node_modules/express/lib/router/index.js:284:15
    at router.process_params (/root/.openclaw/workspace/electricity-system/backend/node_modules/express/lib/router/index.js:346:12)
    at next (/root/.openclaw/workspace/electricity-system/backend/node_modules/express/lib/router/index.js:280:10)
    at router.handle (/root/.openclaw/workspace/electricity-system/backend/node_modules/express/lib/router/index.js:175:3) {
  errno: -2,
  code: 'ENOENT',
  syscall: 'open',
  path: '/root/.openclaw/workspace/electricity-system/public/update.json'
}
2026-03-03 00:13:19: 检查更新失败: Error: ENOENT: no such file or directory, open '/root/.openclaw/workspace/electricity-system/public/update.json'
    at Object.readFileSync (node:fs:439:20)
    at /root/.openclaw/workspace/electricity-system/backend/routes/update.js:17:40
    at Layer.handle [as handle_request] (/root/.openclaw/workspace/electricity-system/backend/node_modules/express/lib/router/layer.js:95:5)
    at next (/root/.openclaw/workspace/electricity-system/backend/node_modules/express/lib/router/route.js:149:13)
    at Route.dispatch (/root/.openclaw/workspace/electricity-system/backend/node_modules/express/lib/router/route.js:119:3)
    at Layer.handle [as handle_request] (/root/.openclaw/workspace/electricity-system/backend/node_modules/express/lib/router/layer.js:95:5)
    at /root/.openclaw/workspace/electricity-system/backend/node_modules/express/lib/router/index.js:284:15
    at router.process_params (/root/.openclaw/workspace/electricity-system/backend/node_modules/express/lib/router/index.js:346:12)
    at next (/root/.openclaw/workspace/electricity-system/backend/node_modules/express/lib/router/index.js:280:10)
    at router.handle (/root/.openclaw/workspace/electricity-system/backend/node_modules/express/lib/router/index.js:175:3) {
  errno: -2,
  code: 'ENOENT',
  syscall: 'open',
  path: '/root/.openclaw/workspace/electricity-system/public/update.json'
}
2026-03-03 00:13:39: 检查更新失败: Error: ENOENT: no such file or directory, open '/root/.openclaw/workspace/electricity-system/public/update.json'
    at Object.readFileSync (node:fs:439:20)
    at /root/.openclaw/workspace/electricity-system/backend/routes/update.js:17:40
    at Layer.handle [as handle_request] (/root/.openclaw/workspace/electricity-system/backend/node_modules/express/lib/router/layer.js:95:5)
    at next (/root/.openclaw/workspace/electricity-system/backend/node_modules/express/lib/router/route.js:149:13)
    at Route.dispatch (/root/.openclaw/workspace/electricity-system/backend/node_modules/express/lib/router/route.js:119:3)
    at Layer.handle [as handle_request] (/root/.openclaw/workspace/electricity-system/backend/node_modules/express/lib/router/layer.js:95:5)
    at /root/.openclaw/workspace/electricity-system/backend/node_modules/express/lib/router/index.js:284:15
    at router.process_params (/root/.openclaw/workspace/electricity-system/backend/node_modules/express/lib/router/index.js:346:12)
    at next (/root/.openclaw/workspace/electricity-system/backend/node_modules/express/lib/router/index.js:280:10)
    at router.handle (/root/.openclaw/workspace/electricity-system/backend/node_modules/express/lib/router/index.js:175:3) {
  errno: -2,
  code: 'ENOENT',
  syscall: 'open',
  path: '/root/.openclaw/workspace/electricity-system/public/update.json'
}
2026-03-03 00:14:36: 检查更新失败: Error: ENOENT: no such file or directory, open '/root/.openclaw/workspace/electricity-system/public/update.json'
    at Object.readFileSync (node:fs:439:20)
    at /root/.openclaw/workspace/electricity-system/backend/routes/update.js:17:40
    at Layer.handle [as handle_request] (/root/.openclaw/workspace/electricity-system/backend/node_modules/express/lib/router/layer.js:95:5)
    at next (/root/.openclaw/workspace/electricity-system/backend/node_modules/express/lib/router/route.js:149:13)
    at Route.dispatch (/root/.openclaw/workspace/electricity-system/backend/node_modules/express/lib/router/route.js:119:3)
    at Layer.handle [as handle_request] (/root/.openclaw/workspace/electricity-system/backend/node_modules/express/lib/router/layer.js:95:5)
    at /root/.openclaw/workspace/electricity-system/backend/node_modules/express/lib/router/index.js:284:15
    at router.process_params (/root/.openclaw/workspace/electricity-system/backend/node_modules/express/lib/router/index.js:346:12)
    at next (/root/.openclaw/workspace/electricity-system/backend/node_modules/express/lib/router/index.js:280:10)
    at router.handle (/root/.openclaw/workspace/electricity-system/backend/node_modules/express/lib/router/index.js:175:3) {
  errno: -2,
  code: 'ENOENT',
  syscall: 'open',
  path: '/root/.openclaw/workspace/electricity-system/public/update.json'
}
2026-03-03 00:30:15: 检查更新失败: Error: ENOENT: no such file or directory, open '/root/.openclaw/workspace/electricity-system/public/update.json'
    at Object.readFileSync (node:fs:439:20)
    at /root/.openclaw/workspace/electricity-system/backend/routes/update.js:17:40
    at Layer.handle [as handle_request] (/root/.openclaw/workspace/electricity-system/backend/node_modules/express/lib/router/layer.js:95:5)
    at next (/root/.openclaw/workspace/electricity-system/backend/node_modules/express/lib/router/route.js:149:13)
    at Route.dispatch (/root/.openclaw/workspace/electricity-system/backend/node_modules/express/lib/router/route.js:119:3)
    at Layer.handle [as handle_request] (/root/.openclaw/workspace/electricity-system/backend/node_modules/express/lib/router/layer.js:95:5)
    at /root/.openclaw/workspace/electricity-system/backend/node_modules/express/lib/router/index.js:284:15
    at router.process_params (/root/.openclaw/workspace/electricity-system/backend/node_modules/express/lib/router/index.js:346:12)
    at next (/root/.openclaw/workspace/electricity-system/backend/node_modules/express/lib/router/index.js:280:10)
    at router.handle (/root/.openclaw/workspace/electricity-system/backend/node_modules/express/lib/router/index.js:175:3) {
  errno: -2,
  code: 'ENOENT',
  syscall: 'open',
  path: '/root/.openclaw/workspace/electricity-system/public/update.json'
}
2026-03-03 00:30:22: 检查更新失败: Error: ENOENT: no such file or directory, open '/root/.openclaw/workspace/electricity-system/public/update.json'
    at Object.readFileSync (node:fs:439:20)
    at /root/.openclaw/workspace/electricity-system/backend/routes/update.js:17:40
    at Layer.handle [as handle_request] (/root/.openclaw/workspace/electricity-system/backend/node_modules/express/lib/router/layer.js:95:5)
    at next (/root/.openclaw/workspace/electricity-system/backend/node_modules/express/lib/router/route.js:149:13)
    at Route.dispatch (/root/.openclaw/workspace/electricity-system/backend/node_modules/express/lib/router/route.js:119:3)
    at Layer.handle [as handle_request] (/root/.openclaw/workspace/electricity-system/backend/node_modules/express/lib/router/layer.js:95:5)
    at /root/.openclaw/workspace/electricity-system/backend/node_modules/express/lib/router/index.js:284:15
    at router.process_params (/root/.openclaw/workspace/electricity-system/backend/node_modules/express/lib/router/index.js:346:12)
    at next (/root/.openclaw/workspace/electricity-system/backend/node_modules/express/lib/router/index.js:280:10)
    at router.handle (/root/.openclaw/workspace/electricity-system/backend/node_modules/express/lib/router/index.js:175:3) {
  errno: -2,
  code: 'ENOENT',
  syscall: 'open',
  path: '/root/.openclaw/workspace/electricity-system/public/update.json'
}
2026-03-03 00:30:25: 检查更新失败: Error: ENOENT: no such file or directory, open '/root/.openclaw/workspace/electricity-system/public/update.json'
    at Object.readFileSync (node:fs:439:20)
    at /root/.openclaw/workspace/electricity-system/backend/routes/update.js:17:40
    at Layer.handle [as handle_request] (/root/.openclaw/workspace/electricity-system/backend/node_modules/express/lib/router/layer.js:95:5)
    at next (/root/.openclaw/workspace/electricity-system/backend/node_modules/express/lib/router/route.js:149:13)
    at Route.dispatch (/root/.openclaw/workspace/electricity-system/backend/node_modules/express/lib/router/route.js:119:3)
    at Layer.handle [as handle_request] (/root/.openclaw/workspace/electricity-system/backend/node_modules/express/lib/router/layer.js:95:5)
    at /root/.openclaw/workspace/electricity-system/backend/node_modules/express/lib/router/index.js:284:15
    at router.process_params (/root/.openclaw/workspace/electricity-system/backend/node_modules/express/lib/router/index.js:346:12)
    at next (/root/.openclaw/workspace/electricity-system/backend/node_modules/express/lib/router/index.js:280:10)
    at router.handle (/root/.openclaw/workspace/electricity-system/backend/node_modules/express/lib/router/index.js:175:3) {
  errno: -2,
  code: 'ENOENT',
  syscall: 'open',
  path: '/root/.openclaw/workspace/electricity-system/public/update.json'
}
2026-03-03 00:48:03: 检查更新失败: Error: ENOENT: no such file or directory, open '/root/.openclaw/workspace/electricity-system/public/update.json'
    at Object.readFileSync (node:fs:439:20)
    at /root/.openclaw/workspace/electricity-system/backend/routes/update.js:17:40
    at Layer.handle [as handle_request] (/root/.openclaw/workspace/electricity-system/backend/node_modules/express/lib/router/layer.js:95:5)
    at next (/root/.openclaw/workspace/electricity-system/backend/node_modules/express/lib/router/route.js:149:13)
    at Route.dispatch (/root/.openclaw/workspace/electricity-system/backend/node_modules/express/lib/router/route.js:119:3)
    at Layer.handle [as handle_request] (/root/.openclaw/workspace/electricity-system/backend/node_modules/express/lib/router/layer.js:95:5)
    at /root/.openclaw/workspace/electricity-system/backend/node_modules/express/lib/router/index.js:284:15
    at router.process_params (/root/.openclaw/workspace/electricity-system/backend/node_modules/express/lib/router/index.js:346:12)
    at next (/root/.openclaw/workspace/electricity-system/backend/node_modules/express/lib/router/index.js:280:10)
    at router.handle (/root/.openclaw/workspace/electricity-system/backend/node_modules/express/lib/router/index.js:175:3) {
  errno: -2,
  code: 'ENOENT',
  syscall: 'open',
  path: '/root/.openclaw/workspace/electricity-system/public/update.json'
}
2026-03-03 00:48:12: 检查更新失败: Error: ENOENT: no such file or directory, open '/root/.openclaw/workspace/electricity-system/public/update.json'
    at Object.readFileSync (node:fs:439:20)
    at /root/.openclaw/workspace/electricity-system/backend/routes/update.js:17:40
    at Layer.handle [as handle_request] (/root/.openclaw/workspace/electricity-system/backend/node_modules/express/lib/router/layer.js:95:5)
    at next (/root/.openclaw/workspace/electricity-system/backend/node_modules/express/lib/router/route.js:149:13)
    at Route.dispatch (/root/.openclaw/workspace/electricity-system/backend/node_modules/express/lib/router/route.js:119:3)
    at Layer.handle [as handle_request] (/root/.openclaw/workspace/electricity-system/backend/node_modules/express/lib/router/layer.js:95:5)
    at /root/.openclaw/workspace/electricity-system/backend/node_modules/express/lib/router/index.js:284:15
    at router.process_params (/root/.openclaw/workspace/electricity-system/backend/node_modules/express/lib/router/index.js:346:12)
    at next (/root/.openclaw/workspace/electricity-system/backend/node_modules/express/lib/router/index.js:280:10)
    at router.handle (/root/.openclaw/workspace/electricity-system/backend/node_modules/express/lib/router/index.js:175:3) {
  errno: -2,
  code: 'ENOENT',
  syscall: 'open',
  path: '/root/.openclaw/workspace/electricity-system/public/update.json'
}
2026-03-03 00:48:19: 检查更新失败: Error: ENOENT: no such file or directory, open '/root/.openclaw/workspace/electricity-system/public/update.json'
    at Object.readFileSync (node:fs:439:20)
    at /root/.openclaw/workspace/electricity-system/backend/routes/update.js:17:40
    at Layer.handle [as handle_request] (/root/.openclaw/workspace/electricity-system/backend/node_modules/express/lib/router/layer.js:95:5)
    at next (/root/.openclaw/workspace/electricity-system/backend/node_modules/express/lib/router/route.js:149:13)
    at Route.dispatch (/root/.openclaw/workspace/electricity-system/backend/node_modules/express/lib/router/route.js:119:3)
    at Layer.handle [as handle_request] (/root/.openclaw/workspace/electricity-system/backend/node_modules/express/lib/router/layer.js:95:5)
    at /root/.openclaw/workspace/electricity-system/backend/node_modules/express/lib/router/index.js:284:15
    at router.process_params (/root/.openclaw/workspace/electricity-system/backend/node_modules/express/lib/router/index.js:346:12)
    at next (/root/.openclaw/workspace/electricity-system/backend/node_modules/express/lib/router/index.js:280:10)
    at router.handle (/root/.openclaw/workspace/electricity-system/backend/node_modules/express/lib/router/index.js:175:3) {
  errno: -2,
  code: 'ENOENT',
  syscall: 'open',
  path: '/root/.openclaw/workspace/electricity-system/public/update.json'
}
2026-03-03 00:48:21: 检查更新失败: Error: ENOENT: no such file or directory, open '/root/.openclaw/workspace/electricity-system/public/update.json'
    at Object.readFileSync (node:fs:439:20)
    at /root/.openclaw/workspace/electricity-system/backend/routes/update.js:17:40
    at Layer.handle [as handle_request] (/root/.openclaw/workspace/electricity-system/backend/node_modules/express/lib/router/layer.js:95:5)
    at next (/root/.openclaw/workspace/electricity-system/backend/node_modules/express/lib/router/route.js:149:13)
    at Route.dispatch (/root/.openclaw/workspace/electricity-system/backend/node_modules/express/lib/router/route.js:119:3)
    at Layer.handle [as handle_request] (/root/.openclaw/workspace/electricity-system/backend/node_modules/express/lib/router/layer.js:95:5)
    at /root/.openclaw/workspace/electricity-system/backend/node_modules/express/lib/router/index.js:284:15
    at router.process_params (/root/.openclaw/workspace/electricity-system/backend/node_modules/express/lib/router/index.js:346:12)
    at next (/root/.openclaw/workspace/electricity-system/backend/node_modules/express/lib/router/index.js:280:10)
    at router.handle (/root/.openclaw/workspace/electricity-system/backend/node_modules/express/lib/router/index.js:175:3) {
  errno: -2,
  code: 'ENOENT',
  syscall: 'open',
  path: '/root/.openclaw/workspace/electricity-system/public/update.json'
}
2026-03-03 00:48:31: 检查更新失败: Error: ENOENT: no such file or directory, open '/root/.openclaw/workspace/electricity-system/public/update.json'
    at Object.readFileSync (node:fs:439:20)
    at /root/.openclaw/workspace/electricity-system/backend/routes/update.js:17:40
    at Layer.handle [as handle_request] (/root/.openclaw/workspace/electricity-system/backend/node_modules/express/lib/router/layer.js:95:5)
    at next (/root/.openclaw/workspace/electricity-system/backend/node_modules/express/lib/router/route.js:149:13)
    at Route.dispatch (/root/.openclaw/workspace/electricity-system/backend/node_modules/express/lib/router/route.js:119:3)
    at Layer.handle [as handle_request] (/root/.openclaw/workspace/electricity-system/backend/node_modules/express/lib/router/layer.js:95:5)
    at /root/.openclaw/workspace/electricity-system/backend/node_modules/express/lib/router/index.js:284:15
    at router.process_params (/root/.openclaw/workspace/electricity-system/backend/node_modules/express/lib/router/index.js:346:12)
    at next (/root/.openclaw/workspace/electricity-system/backend/node_modules/express/lib/router/index.js:280:10)
    at router.handle (/root/.openclaw/workspace/electricity-system/backend/node_modules/express/lib/router/index.js:175:3) {
  errno: -2,
  code: 'ENOENT',
  syscall: 'open',
  path: '/root/.openclaw/workspace/electricity-system/public/update.json'
}
2026-03-03 01:14:27: 检查更新失败: Error: ENOENT: no such file or directory, open '/root/.openclaw/workspace/electricity-system/public/update.json'
    at Object.readFileSync (node:fs:439:20)
    at /root/.openclaw/workspace/electricity-system/backend/routes/update.js:17:40
    at Layer.handle [as handle_request] (/root/.openclaw/workspace/electricity-system/backend/node_modules/express/lib/router/layer.js:95:5)
    at next (/root/.openclaw/workspace/electricity-system/backend/node_modules/express/lib/router/route.js:149:13)
    at Route.dispatch (/root/.openclaw/workspace/electricity-system/backend/node_modules/express/lib/router/route.js:119:3)
    at Layer.handle [as handle_request] (/root/.openclaw/workspace/electricity-system/backend/node_modules/express/lib/router/layer.js:95:5)
    at /root/.openclaw/workspace/electricity-system/backend/node_modules/express/lib/router/index.js:284:15
    at router.process_params (/root/.openclaw/workspace/electricity-system/backend/node_modules/express/lib/router/index.js:346:12)
    at next (/root/.openclaw/workspace/electricity-system/backend/node_modules/express/lib/router/index.js:280:10)
    at router.handle (/root/.openclaw/workspace/electricity-system/backend/node_modules/express/lib/router/index.js:175:3) {
  errno: -2,
  code: 'ENOENT',
  syscall: 'open',
  path: '/root/.openclaw/workspace/electricity-system/public/update.json'
}
2026-03-03 01:14:30: 检查更新失败: Error: ENOENT: no such file or directory, open '/root/.openclaw/workspace/electricity-system/public/update.json'
    at Object.readFileSync (node:fs:439:20)
    at /root/.openclaw/workspace/electricity-system/backend/routes/update.js:17:40
    at Layer.handle [as handle_request] (/root/.openclaw/workspace/electricity-system/backend/node_modules/express/lib/router/layer.js:95:5)
    at next (/root/.openclaw/workspace/electricity-system/backend/node_modules/express/lib/router/route.js:149:13)
    at Route.dispatch (/root/.openclaw/workspace/electricity-system/backend/node_modules/express/lib/router/route.js:119:3)
    at Layer.handle [as handle_request] (/root/.openclaw/workspace/electricity-system/backend/node_modules/express/lib/router/layer.js:95:5)
    at /root/.openclaw/workspace/electricity-system/backend/node_modules/express/lib/router/index.js:284:15
    at router.process_params (/root/.openclaw/workspace/electricity-system/backend/node_modules/express/lib/router/index.js:346:12)
    at next (/root/.openclaw/workspace/electricity-system/backend/node_modules/express/lib/router/index.js:280:10)
    at router.handle (/root/.openclaw/workspace/electricity-system/backend/node_modules/express/lib/router/index.js:175:3) {
  errno: -2,
  code: 'ENOENT',
  syscall: 'open',
  path: '/root/.openclaw/workspace/electricity-system/public/update.json'
}
2026-03-03 02:39:56: 检查更新失败: Error: ENOENT: no such file or directory, open '/root/.openclaw/workspace/electricity-system/public/update.json'
    at Object.readFileSync (node:fs:439:20)
    at /root/.openclaw/workspace/electricity-system/backend/routes/update.js:17:40
    at Layer.handle [as handle_request] (/root/.openclaw/workspace/electricity-system/backend/node_modules/express/lib/router/layer.js:95:5)
    at next (/root/.openclaw/workspace/electricity-system/backend/node_modules/express/lib/router/route.js:149:13)
    at Route.dispatch (/root/.openclaw/workspace/electricity-system/backend/node_modules/express/lib/router/route.js:119:3)
    at Layer.handle [as handle_request] (/root/.openclaw/workspace/electricity-system/backend/node_modules/express/lib/router/layer.js:95:5)
    at /root/.openclaw/workspace/electricity-system/backend/node_modules/express/lib/router/index.js:284:15
    at router.process_params (/root/.openclaw/workspace/electricity-system/backend/node_modules/express/lib/router/index.js:346:12)
    at next (/root/.openclaw/workspace/electricity-system/backend/node_modules/express/lib/router/index.js:280:10)
    at router.handle (/root/.openclaw/workspace/electricity-system/backend/node_modules/express/lib/router/index.js:175:3) {
  errno: -2,
  code: 'ENOENT',
  syscall: 'open',
  path: '/root/.openclaw/workspace/electricity-system/public/update.json'
}
2026-03-03 02:40:29: 检查更新失败: Error: ENOENT: no such file or directory, open '/root/.openclaw/workspace/electricity-system/public/update.json'
    at Object.readFileSync (node:fs:439:20)
    at /root/.openclaw/workspace/electricity-system/backend/routes/update.js:17:40
    at Layer.handle [as handle_request] (/root/.openclaw/workspace/electricity-system/backend/node_modules/express/lib/router/layer.js:95:5)
    at next (/root/.openclaw/workspace/electricity-system/backend/node_modules/express/lib/router/route.js:149:13)
    at Route.dispatch (/root/.openclaw/workspace/electricity-system/backend/node_modules/express/lib/router/route.js:119:3)
    at Layer.handle [as handle_request] (/root/.openclaw/workspace/electricity-system/backend/node_modules/express/lib/router/layer.js:95:5)
    at /root/.openclaw/workspace/electricity-system/backend/node_modules/express/lib/router/index.js:284:15
    at router.process_params (/root/.openclaw/workspace/electricity-system/backend/node_modules/express/lib/router/index.js:346:12)
    at next (/root/.openclaw/workspace/electricity-system/backend/node_modules/express/lib/router/index.js:280:10)
    at router.handle (/root/.openclaw/workspace/electricity-system/backend/node_modules/express/lib/router/index.js:175:3) {
  errno: -2,
  code: 'ENOENT',
  syscall: 'open',
  path: '/root/.openclaw/workspace/electricity-system/public/update.json'
}
2026-03-03 11:16:05: 检查更新失败: Error: ENOENT: no such file or directory, open '/root/.openclaw/workspace/electricity-system/public/update.json'
    at Object.readFileSync (node:fs:439:20)
    at /root/.openclaw/workspace/electricity-system/backend/routes/update.js:17:40
    at Layer.handle [as handle_request] (/root/.openclaw/workspace/electricity-system/backend/node_modules/express/lib/router/layer.js:95:5)
    at next (/root/.openclaw/workspace/electricity-system/backend/node_modules/express/lib/router/route.js:149:13)
    at Route.dispatch (/root/.openclaw/workspace/electricity-system/backend/node_modules/express/lib/router/route.js:119:3)
    at Layer.handle [as handle_request] (/root/.openclaw/workspace/electricity-system/backend/node_modules/express/lib/router/layer.js:95:5)
    at /root/.openclaw/workspace/electricity-system/backend/node_modules/express/lib/router/index.js:284:15
    at router.process_params (/root/.openclaw/workspace/electricity-system/backend/node_modules/express/lib/router/index.js:346:12)
    at next (/root/.openclaw/workspace/electricity-system/backend/node_modules/express/lib/router/index.js:280:10)
    at router.handle (/root/.openclaw/workspace/electricity-system/backend/node_modules/express/lib/router/index.js:175:3) {
  errno: -2,
  code: 'ENOENT',
  syscall: 'open',
  path: '/root/.openclaw/workspace/electricity-system/public/update.json'
}
2026-03-03 11:18:12: 检查更新失败: Error: ENOENT: no such file or directory, open '/root/.openclaw/workspace/electricity-system/public/update.json'
    at Object.readFileSync (node:fs:439:20)
    at /root/.openclaw/workspace/electricity-system/backend/routes/update.js:17:40
    at Layer.handle [as handle_request] (/root/.openclaw/workspace/electricity-system/backend/node_modules/express/lib/router/layer.js:95:5)
    at next (/root/.openclaw/workspace/electricity-system/backend/node_modules/express/lib/router/route.js:149:13)
    at Route.dispatch (/root/.openclaw/workspace/electricity-system/backend/node_modules/express/lib/router/route.js:119:3)
    at Layer.handle [as handle_request] (/root/.openclaw/workspace/electricity-system/backend/node_modules/express/lib/router/layer.js:95:5)
    at /root/.openclaw/workspace/electricity-system/backend/node_modules/express/lib/router/index.js:284:15
    at router.process_params (/root/.openclaw/workspace/electricity-system/backend/node_modules/express/lib/router/index.js:346:12)
    at next (/root/.openclaw/workspace/electricity-system/backend/node_modules/express/lib/router/index.js:280:10)
    at router.handle (/root/.openclaw/workspace/electricity-system/backend/node_modules/express/lib/router/index.js:175:3) {
  errno: -2,
  code: 'ENOENT',
  syscall: 'open',
  path: '/root/.openclaw/workspace/electricity-system/public/update.json'
}
2026-03-03 11:22:11: 检查更新失败: Error: ENOENT: no such file or directory, open '/root/.openclaw/workspace/electricity-system/public/update.json'
    at Object.readFileSync (node:fs:439:20)
    at /root/.openclaw/workspace/electricity-system/backend/routes/update.js:18:40
    at Layer.handle [as handle_request] (/root/.openclaw/workspace/electricity-system/backend/node_modules/express/lib/router/layer.js:95:5)
    at next (/root/.openclaw/workspace/electricity-system/backend/node_modules/express/lib/router/route.js:149:13)
    at Route.dispatch (/root/.openclaw/workspace/electricity-system/backend/node_modules/express/lib/router/route.js:119:3)
    at Layer.handle [as handle_request] (/root/.openclaw/workspace/electricity-system/backend/node_modules/express/lib/router/layer.js:95:5)
    at /root/.openclaw/workspace/electricity-system/backend/node_modules/express/lib/router/index.js:284:15
    at router.process_params (/root/.openclaw/workspace/electricity-system/backend/node_modules/express/lib/router/index.js:346:12)
    at next (/root/.openclaw/workspace/electricity-system/backend/node_modules/express/lib/router/index.js:280:10)
    at router.handle (/root/.openclaw/workspace/electricity-system/backend/node_modules/express/lib/router/index.js:175:3) {
  errno: -2,
  code: 'ENOENT',
  syscall: 'open',
  path: '/root/.openclaw/workspace/electricity-system/public/update.json'
}
2026-03-03 11:22:17: 检查更新失败: Error: ENOENT: no such file or directory, open '/root/.openclaw/workspace/electricity-system/public/update.json'
    at Object.readFileSync (node:fs:439:20)
    at /root/.openclaw/workspace/electricity-system/backend/routes/update.js:18:40
    at Layer.handle [as handle_request] (/root/.openclaw/workspace/electricity-system/backend/node_modules/express/lib/router/layer.js:95:5)
    at next (/root/.openclaw/workspace/electricity-system/backend/node_modules/express/lib/router/route.js:149:13)
    at Route.dispatch (/root/.openclaw/workspace/electricity-system/backend/node_modules/express/lib/router/route.js:119:3)
    at Layer.handle [as handle_request] (/root/.openclaw/workspace/electricity-system/backend/node_modules/express/lib/router/layer.js:95:5)
    at /root/.openclaw/workspace/electricity-system/backend/node_modules/express/lib/router/index.js:284:15
    at router.process_params (/root/.openclaw/workspace/electricity-system/backend/node_modules/express/lib/router/index.js:346:12)
    at next (/root/.openclaw/workspace/electricity-system/backend/node_modules/express/lib/router/index.js:280:10)
    at router.handle (/root/.openclaw/workspace/electricity-system/backend/node_modules/express/lib/router/index.js:175:3) {
  errno: -2,
  code: 'ENOENT',
  syscall: 'open',
  path: '/root/.openclaw/workspace/electricity-system/public/update.json'
}
